[2024-09-01T10:19:26.033+0000] {processor.py:186} INFO - Started process (PID=182) to work on /opt/airflow/dags/data_loader.py
[2024-09-01T10:19:26.034+0000] {processor.py:914} INFO - Processing file /opt/airflow/dags/data_loader.py for tasks to queue
[2024-09-01T10:19:26.036+0000] {logging_mixin.py:190} INFO - [2024-09-01T10:19:26.036+0000] {dagbag.py:587} INFO - Filling up the DagBag from /opt/airflow/dags/data_loader.py
[2024-09-01T10:19:26.102+0000] {processor.py:925} INFO - DAG(s) 'kafka_consumer_dag' retrieved from /opt/airflow/dags/data_loader.py
[2024-09-01T10:19:26.278+0000] {logging_mixin.py:190} INFO - [2024-09-01T10:19:26.277+0000] {dag.py:3211} INFO - Sync 1 DAGs
[2024-09-01T10:19:26.290+0000] {logging_mixin.py:190} INFO - [2024-09-01T10:19:26.290+0000] {dag.py:4138} INFO - Setting next_dagrun for kafka_consumer_dag to None, run_after=None
[2024-09-01T10:19:26.322+0000] {processor.py:208} INFO - Processing /opt/airflow/dags/data_loader.py took 0.294 seconds
[2024-09-01T10:19:56.671+0000] {processor.py:186} INFO - Started process (PID=187) to work on /opt/airflow/dags/data_loader.py
[2024-09-01T10:19:56.673+0000] {processor.py:914} INFO - Processing file /opt/airflow/dags/data_loader.py for tasks to queue
[2024-09-01T10:19:56.675+0000] {logging_mixin.py:190} INFO - [2024-09-01T10:19:56.675+0000] {dagbag.py:587} INFO - Filling up the DagBag from /opt/airflow/dags/data_loader.py
[2024-09-01T10:19:56.709+0000] {processor.py:925} INFO - DAG(s) 'kafka_consumer_dag' retrieved from /opt/airflow/dags/data_loader.py
[2024-09-01T10:19:56.733+0000] {logging_mixin.py:190} INFO - [2024-09-01T10:19:56.733+0000] {dag.py:3211} INFO - Sync 1 DAGs
[2024-09-01T10:19:56.746+0000] {logging_mixin.py:190} INFO - [2024-09-01T10:19:56.746+0000] {dag.py:4138} INFO - Setting next_dagrun for kafka_consumer_dag to None, run_after=None
[2024-09-01T10:19:56.767+0000] {processor.py:208} INFO - Processing /opt/airflow/dags/data_loader.py took 0.101 seconds
[2024-09-01T10:20:26.965+0000] {processor.py:186} INFO - Started process (PID=192) to work on /opt/airflow/dags/data_loader.py
[2024-09-01T10:20:26.967+0000] {processor.py:914} INFO - Processing file /opt/airflow/dags/data_loader.py for tasks to queue
[2024-09-01T10:20:26.969+0000] {logging_mixin.py:190} INFO - [2024-09-01T10:20:26.969+0000] {dagbag.py:587} INFO - Filling up the DagBag from /opt/airflow/dags/data_loader.py
[2024-09-01T10:20:27.004+0000] {processor.py:925} INFO - DAG(s) 'kafka_consumer_dag' retrieved from /opt/airflow/dags/data_loader.py
[2024-09-01T10:20:27.033+0000] {logging_mixin.py:190} INFO - [2024-09-01T10:20:27.032+0000] {dag.py:3211} INFO - Sync 1 DAGs
[2024-09-01T10:20:27.048+0000] {logging_mixin.py:190} INFO - [2024-09-01T10:20:27.048+0000] {dag.py:4138} INFO - Setting next_dagrun for kafka_consumer_dag to None, run_after=None
[2024-09-01T10:20:27.071+0000] {processor.py:208} INFO - Processing /opt/airflow/dags/data_loader.py took 0.112 seconds
[2024-09-01T10:20:57.269+0000] {processor.py:186} INFO - Started process (PID=204) to work on /opt/airflow/dags/data_loader.py
[2024-09-01T10:20:57.270+0000] {processor.py:914} INFO - Processing file /opt/airflow/dags/data_loader.py for tasks to queue
[2024-09-01T10:20:57.273+0000] {logging_mixin.py:190} INFO - [2024-09-01T10:20:57.272+0000] {dagbag.py:587} INFO - Filling up the DagBag from /opt/airflow/dags/data_loader.py
[2024-09-01T10:20:57.305+0000] {processor.py:925} INFO - DAG(s) 'kafka_consumer_dag' retrieved from /opt/airflow/dags/data_loader.py
[2024-09-01T10:20:57.332+0000] {logging_mixin.py:190} INFO - [2024-09-01T10:20:57.332+0000] {dag.py:3211} INFO - Sync 1 DAGs
[2024-09-01T10:20:57.346+0000] {logging_mixin.py:190} INFO - [2024-09-01T10:20:57.346+0000] {dag.py:4138} INFO - Setting next_dagrun for kafka_consumer_dag to None, run_after=None
[2024-09-01T10:20:57.368+0000] {processor.py:208} INFO - Processing /opt/airflow/dags/data_loader.py took 0.105 seconds
[2024-09-01T10:21:27.707+0000] {processor.py:186} INFO - Started process (PID=209) to work on /opt/airflow/dags/data_loader.py
[2024-09-01T10:21:27.708+0000] {processor.py:914} INFO - Processing file /opt/airflow/dags/data_loader.py for tasks to queue
[2024-09-01T10:21:27.710+0000] {logging_mixin.py:190} INFO - [2024-09-01T10:21:27.710+0000] {dagbag.py:587} INFO - Filling up the DagBag from /opt/airflow/dags/data_loader.py
[2024-09-01T10:21:27.746+0000] {processor.py:925} INFO - DAG(s) 'kafka_consumer_dag' retrieved from /opt/airflow/dags/data_loader.py
[2024-09-01T10:21:27.771+0000] {logging_mixin.py:190} INFO - [2024-09-01T10:21:27.771+0000] {dag.py:3211} INFO - Sync 1 DAGs
[2024-09-01T10:21:27.784+0000] {logging_mixin.py:190} INFO - [2024-09-01T10:21:27.784+0000] {dag.py:4138} INFO - Setting next_dagrun for kafka_consumer_dag to None, run_after=None
[2024-09-01T10:21:27.802+0000] {processor.py:208} INFO - Processing /opt/airflow/dags/data_loader.py took 0.101 seconds
[2024-09-01T10:21:58.082+0000] {processor.py:186} INFO - Started process (PID=214) to work on /opt/airflow/dags/data_loader.py
[2024-09-01T10:21:58.083+0000] {processor.py:914} INFO - Processing file /opt/airflow/dags/data_loader.py for tasks to queue
[2024-09-01T10:21:58.085+0000] {logging_mixin.py:190} INFO - [2024-09-01T10:21:58.085+0000] {dagbag.py:587} INFO - Filling up the DagBag from /opt/airflow/dags/data_loader.py
[2024-09-01T10:21:58.117+0000] {processor.py:925} INFO - DAG(s) 'kafka_consumer_dag' retrieved from /opt/airflow/dags/data_loader.py
[2024-09-01T10:21:58.141+0000] {logging_mixin.py:190} INFO - [2024-09-01T10:21:58.141+0000] {dag.py:3211} INFO - Sync 1 DAGs
[2024-09-01T10:21:58.155+0000] {logging_mixin.py:190} INFO - [2024-09-01T10:21:58.154+0000] {dag.py:4138} INFO - Setting next_dagrun for kafka_consumer_dag to None, run_after=None
[2024-09-01T10:21:58.181+0000] {processor.py:208} INFO - Processing /opt/airflow/dags/data_loader.py took 0.104 seconds
[2024-09-01T10:22:28.530+0000] {processor.py:186} INFO - Started process (PID=219) to work on /opt/airflow/dags/data_loader.py
[2024-09-01T10:22:28.532+0000] {processor.py:914} INFO - Processing file /opt/airflow/dags/data_loader.py for tasks to queue
[2024-09-01T10:22:28.534+0000] {logging_mixin.py:190} INFO - [2024-09-01T10:22:28.534+0000] {dagbag.py:587} INFO - Filling up the DagBag from /opt/airflow/dags/data_loader.py
[2024-09-01T10:22:28.579+0000] {processor.py:925} INFO - DAG(s) 'kafka_consumer_dag' retrieved from /opt/airflow/dags/data_loader.py
[2024-09-01T10:22:28.613+0000] {logging_mixin.py:190} INFO - [2024-09-01T10:22:28.613+0000] {dag.py:3211} INFO - Sync 1 DAGs
[2024-09-01T10:22:28.630+0000] {logging_mixin.py:190} INFO - [2024-09-01T10:22:28.630+0000] {dag.py:4138} INFO - Setting next_dagrun for kafka_consumer_dag to None, run_after=None
[2024-09-01T10:22:28.660+0000] {processor.py:208} INFO - Processing /opt/airflow/dags/data_loader.py took 0.136 seconds
[2024-09-01T10:22:53.812+0000] {processor.py:186} INFO - Started process (PID=224) to work on /opt/airflow/dags/data_loader.py
[2024-09-01T10:22:53.813+0000] {processor.py:914} INFO - Processing file /opt/airflow/dags/data_loader.py for tasks to queue
[2024-09-01T10:22:53.815+0000] {logging_mixin.py:190} INFO - [2024-09-01T10:22:53.814+0000] {dagbag.py:587} INFO - Filling up the DagBag from /opt/airflow/dags/data_loader.py
[2024-09-01T10:22:53.850+0000] {processor.py:925} INFO - DAG(s) 'kafka_consumer_dag' retrieved from /opt/airflow/dags/data_loader.py
[2024-09-01T10:22:53.944+0000] {logging_mixin.py:190} INFO - [2024-09-01T10:22:53.944+0000] {dag.py:3211} INFO - Sync 1 DAGs
[2024-09-01T10:22:53.955+0000] {logging_mixin.py:190} INFO - [2024-09-01T10:22:53.955+0000] {dag.py:3234} INFO - Creating ORM DAG for kafka_consumer_dag
[2024-09-01T10:22:53.957+0000] {logging_mixin.py:190} INFO - [2024-09-01T10:22:53.957+0000] {dag.py:4138} INFO - Setting next_dagrun for kafka_consumer_dag to None, run_after=None
[2024-09-01T10:22:54.117+0000] {processor.py:208} INFO - Processing /opt/airflow/dags/data_loader.py took 0.311 seconds
[2024-09-01T10:22:57.975+0000] {processor.py:186} INFO - Started process (PID=229) to work on /opt/airflow/dags/data_loader.py
[2024-09-01T10:22:57.976+0000] {processor.py:914} INFO - Processing file /opt/airflow/dags/data_loader.py for tasks to queue
[2024-09-01T10:22:57.979+0000] {logging_mixin.py:190} INFO - [2024-09-01T10:22:57.979+0000] {dagbag.py:587} INFO - Filling up the DagBag from /opt/airflow/dags/data_loader.py
[2024-09-01T10:22:58.018+0000] {processor.py:925} INFO - DAG(s) 'kafka_consumer_dag' retrieved from /opt/airflow/dags/data_loader.py
[2024-09-01T10:22:58.031+0000] {logging_mixin.py:190} INFO - [2024-09-01T10:22:58.031+0000] {dag.py:3211} INFO - Sync 1 DAGs
[2024-09-01T10:22:58.045+0000] {logging_mixin.py:190} INFO - [2024-09-01T10:22:58.044+0000] {dag.py:4138} INFO - Setting next_dagrun for kafka_consumer_dag to None, run_after=None
[2024-09-01T10:22:58.073+0000] {processor.py:208} INFO - Processing /opt/airflow/dags/data_loader.py took 0.103 seconds
[2024-09-01T10:23:28.317+0000] {processor.py:186} INFO - Started process (PID=241) to work on /opt/airflow/dags/data_loader.py
[2024-09-01T10:23:28.318+0000] {processor.py:914} INFO - Processing file /opt/airflow/dags/data_loader.py for tasks to queue
[2024-09-01T10:23:28.320+0000] {logging_mixin.py:190} INFO - [2024-09-01T10:23:28.320+0000] {dagbag.py:587} INFO - Filling up the DagBag from /opt/airflow/dags/data_loader.py
[2024-09-01T10:23:28.356+0000] {processor.py:925} INFO - DAG(s) 'kafka_consumer_dag' retrieved from /opt/airflow/dags/data_loader.py
[2024-09-01T10:23:28.383+0000] {logging_mixin.py:190} INFO - [2024-09-01T10:23:28.383+0000] {dag.py:3211} INFO - Sync 1 DAGs
[2024-09-01T10:23:28.398+0000] {logging_mixin.py:190} INFO - [2024-09-01T10:23:28.397+0000] {dag.py:4138} INFO - Setting next_dagrun for kafka_consumer_dag to None, run_after=None
[2024-09-01T10:23:28.417+0000] {processor.py:208} INFO - Processing /opt/airflow/dags/data_loader.py took 0.106 seconds
[2024-09-01T10:23:58.695+0000] {processor.py:186} INFO - Started process (PID=250) to work on /opt/airflow/dags/data_loader.py
[2024-09-01T10:23:58.696+0000] {processor.py:914} INFO - Processing file /opt/airflow/dags/data_loader.py for tasks to queue
[2024-09-01T10:23:58.699+0000] {logging_mixin.py:190} INFO - [2024-09-01T10:23:58.698+0000] {dagbag.py:587} INFO - Filling up the DagBag from /opt/airflow/dags/data_loader.py
[2024-09-01T10:23:58.735+0000] {processor.py:925} INFO - DAG(s) 'kafka_consumer_dag' retrieved from /opt/airflow/dags/data_loader.py
[2024-09-01T10:23:58.761+0000] {logging_mixin.py:190} INFO - [2024-09-01T10:23:58.761+0000] {dag.py:3211} INFO - Sync 1 DAGs
[2024-09-01T10:23:58.774+0000] {logging_mixin.py:190} INFO - [2024-09-01T10:23:58.774+0000] {dag.py:4138} INFO - Setting next_dagrun for kafka_consumer_dag to None, run_after=None
[2024-09-01T10:23:58.797+0000] {processor.py:208} INFO - Processing /opt/airflow/dags/data_loader.py took 0.108 seconds
[2024-09-01T10:24:28.995+0000] {processor.py:186} INFO - Started process (PID=259) to work on /opt/airflow/dags/data_loader.py
[2024-09-01T10:24:28.996+0000] {processor.py:914} INFO - Processing file /opt/airflow/dags/data_loader.py for tasks to queue
[2024-09-01T10:24:28.998+0000] {logging_mixin.py:190} INFO - [2024-09-01T10:24:28.998+0000] {dagbag.py:587} INFO - Filling up the DagBag from /opt/airflow/dags/data_loader.py
[2024-09-01T10:24:29.034+0000] {processor.py:925} INFO - DAG(s) 'kafka_consumer_dag' retrieved from /opt/airflow/dags/data_loader.py
[2024-09-01T10:24:29.061+0000] {logging_mixin.py:190} INFO - [2024-09-01T10:24:29.061+0000] {dag.py:3211} INFO - Sync 1 DAGs
[2024-09-01T10:24:29.077+0000] {logging_mixin.py:190} INFO - [2024-09-01T10:24:29.076+0000] {dag.py:4138} INFO - Setting next_dagrun for kafka_consumer_dag to None, run_after=None
[2024-09-01T10:24:29.096+0000] {processor.py:208} INFO - Processing /opt/airflow/dags/data_loader.py took 0.107 seconds
[2024-09-01T10:24:59.314+0000] {processor.py:186} INFO - Started process (PID=264) to work on /opt/airflow/dags/data_loader.py
[2024-09-01T10:24:59.315+0000] {processor.py:914} INFO - Processing file /opt/airflow/dags/data_loader.py for tasks to queue
[2024-09-01T10:24:59.318+0000] {logging_mixin.py:190} INFO - [2024-09-01T10:24:59.317+0000] {dagbag.py:587} INFO - Filling up the DagBag from /opt/airflow/dags/data_loader.py
[2024-09-01T10:24:59.347+0000] {processor.py:925} INFO - DAG(s) 'kafka_consumer_dag' retrieved from /opt/airflow/dags/data_loader.py
[2024-09-01T10:24:59.380+0000] {logging_mixin.py:190} INFO - [2024-09-01T10:24:59.380+0000] {dag.py:3211} INFO - Sync 1 DAGs
[2024-09-01T10:24:59.394+0000] {logging_mixin.py:190} INFO - [2024-09-01T10:24:59.393+0000] {dag.py:4138} INFO - Setting next_dagrun for kafka_consumer_dag to None, run_after=None
[2024-09-01T10:24:59.414+0000] {processor.py:208} INFO - Processing /opt/airflow/dags/data_loader.py took 0.105 seconds
[2024-09-01T10:25:29.690+0000] {processor.py:186} INFO - Started process (PID=273) to work on /opt/airflow/dags/data_loader.py
[2024-09-01T10:25:29.691+0000] {processor.py:914} INFO - Processing file /opt/airflow/dags/data_loader.py for tasks to queue
[2024-09-01T10:25:29.693+0000] {logging_mixin.py:190} INFO - [2024-09-01T10:25:29.693+0000] {dagbag.py:587} INFO - Filling up the DagBag from /opt/airflow/dags/data_loader.py
[2024-09-01T10:25:29.724+0000] {processor.py:925} INFO - DAG(s) 'kafka_consumer_dag' retrieved from /opt/airflow/dags/data_loader.py
[2024-09-01T10:25:29.747+0000] {logging_mixin.py:190} INFO - [2024-09-01T10:25:29.747+0000] {dag.py:3211} INFO - Sync 1 DAGs
[2024-09-01T10:25:29.760+0000] {logging_mixin.py:190} INFO - [2024-09-01T10:25:29.760+0000] {dag.py:4138} INFO - Setting next_dagrun for kafka_consumer_dag to None, run_after=None
[2024-09-01T10:25:29.792+0000] {processor.py:208} INFO - Processing /opt/airflow/dags/data_loader.py took 0.107 seconds
[2024-09-01T10:29:26.767+0000] {processor.py:186} INFO - Started process (PID=286) to work on /opt/airflow/dags/data_loader.py
[2024-09-01T10:29:26.768+0000] {processor.py:914} INFO - Processing file /opt/airflow/dags/data_loader.py for tasks to queue
[2024-09-01T10:29:26.770+0000] {logging_mixin.py:190} INFO - [2024-09-01T10:29:26.769+0000] {dagbag.py:587} INFO - Filling up the DagBag from /opt/airflow/dags/data_loader.py
[2024-09-01T10:29:26.810+0000] {processor.py:925} INFO - DAG(s) 'kafka_consumer_dag' retrieved from /opt/airflow/dags/data_loader.py
[2024-09-01T10:29:27.047+0000] {logging_mixin.py:190} INFO - [2024-09-01T10:29:27.046+0000] {dag.py:3211} INFO - Sync 1 DAGs
[2024-09-01T10:29:27.056+0000] {logging_mixin.py:190} INFO - [2024-09-01T10:29:27.056+0000] {dag.py:3234} INFO - Creating ORM DAG for kafka_consumer_dag
[2024-09-01T10:29:27.057+0000] {logging_mixin.py:190} INFO - [2024-09-01T10:29:27.057+0000] {dag.py:4138} INFO - Setting next_dagrun for kafka_consumer_dag to None, run_after=None
[2024-09-01T10:29:27.086+0000] {processor.py:208} INFO - Processing /opt/airflow/dags/data_loader.py took 0.325 seconds
[2024-09-01T10:29:57.386+0000] {processor.py:186} INFO - Started process (PID=298) to work on /opt/airflow/dags/data_loader.py
[2024-09-01T10:29:57.387+0000] {processor.py:914} INFO - Processing file /opt/airflow/dags/data_loader.py for tasks to queue
[2024-09-01T10:29:57.389+0000] {logging_mixin.py:190} INFO - [2024-09-01T10:29:57.389+0000] {dagbag.py:587} INFO - Filling up the DagBag from /opt/airflow/dags/data_loader.py
[2024-09-01T10:29:57.425+0000] {processor.py:925} INFO - DAG(s) 'kafka_consumer_dag' retrieved from /opt/airflow/dags/data_loader.py
[2024-09-01T10:29:57.452+0000] {logging_mixin.py:190} INFO - [2024-09-01T10:29:57.452+0000] {dag.py:3211} INFO - Sync 1 DAGs
[2024-09-01T10:29:57.467+0000] {logging_mixin.py:190} INFO - [2024-09-01T10:29:57.467+0000] {dag.py:4138} INFO - Setting next_dagrun for kafka_consumer_dag to None, run_after=None
[2024-09-01T10:29:57.485+0000] {processor.py:208} INFO - Processing /opt/airflow/dags/data_loader.py took 0.105 seconds
[2024-09-01T10:30:27.713+0000] {processor.py:186} INFO - Started process (PID=307) to work on /opt/airflow/dags/data_loader.py
[2024-09-01T10:30:27.716+0000] {processor.py:914} INFO - Processing file /opt/airflow/dags/data_loader.py for tasks to queue
[2024-09-01T10:30:27.718+0000] {logging_mixin.py:190} INFO - [2024-09-01T10:30:27.717+0000] {dagbag.py:587} INFO - Filling up the DagBag from /opt/airflow/dags/data_loader.py
[2024-09-01T10:30:27.769+0000] {processor.py:925} INFO - DAG(s) 'kafka_consumer_dag' retrieved from /opt/airflow/dags/data_loader.py
[2024-09-01T10:30:27.799+0000] {logging_mixin.py:190} INFO - [2024-09-01T10:30:27.799+0000] {dag.py:3211} INFO - Sync 1 DAGs
[2024-09-01T10:30:27.813+0000] {logging_mixin.py:190} INFO - [2024-09-01T10:30:27.813+0000] {dag.py:4138} INFO - Setting next_dagrun for kafka_consumer_dag to None, run_after=None
[2024-09-01T10:30:27.831+0000] {processor.py:208} INFO - Processing /opt/airflow/dags/data_loader.py took 0.128 seconds
[2024-09-01T10:30:58.076+0000] {processor.py:186} INFO - Started process (PID=316) to work on /opt/airflow/dags/data_loader.py
[2024-09-01T10:30:58.077+0000] {processor.py:914} INFO - Processing file /opt/airflow/dags/data_loader.py for tasks to queue
[2024-09-01T10:30:58.078+0000] {logging_mixin.py:190} INFO - [2024-09-01T10:30:58.078+0000] {dagbag.py:587} INFO - Filling up the DagBag from /opt/airflow/dags/data_loader.py
[2024-09-01T10:30:58.128+0000] {processor.py:925} INFO - DAG(s) 'kafka_consumer_dag' retrieved from /opt/airflow/dags/data_loader.py
[2024-09-01T10:30:58.156+0000] {logging_mixin.py:190} INFO - [2024-09-01T10:30:58.156+0000] {dag.py:3211} INFO - Sync 1 DAGs
[2024-09-01T10:30:58.170+0000] {logging_mixin.py:190} INFO - [2024-09-01T10:30:58.170+0000] {dag.py:4138} INFO - Setting next_dagrun for kafka_consumer_dag to None, run_after=None
[2024-09-01T10:30:58.194+0000] {processor.py:208} INFO - Processing /opt/airflow/dags/data_loader.py took 0.124 seconds
[2024-09-01T10:31:28.471+0000] {processor.py:186} INFO - Started process (PID=321) to work on /opt/airflow/dags/data_loader.py
[2024-09-01T10:31:28.472+0000] {processor.py:914} INFO - Processing file /opt/airflow/dags/data_loader.py for tasks to queue
[2024-09-01T10:31:28.473+0000] {logging_mixin.py:190} INFO - [2024-09-01T10:31:28.473+0000] {dagbag.py:587} INFO - Filling up the DagBag from /opt/airflow/dags/data_loader.py
[2024-09-01T10:31:28.517+0000] {processor.py:925} INFO - DAG(s) 'kafka_consumer_dag' retrieved from /opt/airflow/dags/data_loader.py
[2024-09-01T10:31:28.545+0000] {logging_mixin.py:190} INFO - [2024-09-01T10:31:28.545+0000] {dag.py:3211} INFO - Sync 1 DAGs
[2024-09-01T10:31:28.560+0000] {logging_mixin.py:190} INFO - [2024-09-01T10:31:28.560+0000] {dag.py:4138} INFO - Setting next_dagrun for kafka_consumer_dag to None, run_after=None
[2024-09-01T10:31:28.581+0000] {processor.py:208} INFO - Processing /opt/airflow/dags/data_loader.py took 0.116 seconds
[2024-09-01T10:31:58.862+0000] {processor.py:186} INFO - Started process (PID=330) to work on /opt/airflow/dags/data_loader.py
[2024-09-01T10:31:58.863+0000] {processor.py:914} INFO - Processing file /opt/airflow/dags/data_loader.py for tasks to queue
[2024-09-01T10:31:58.865+0000] {logging_mixin.py:190} INFO - [2024-09-01T10:31:58.864+0000] {dagbag.py:587} INFO - Filling up the DagBag from /opt/airflow/dags/data_loader.py
[2024-09-01T10:31:58.898+0000] {processor.py:925} INFO - DAG(s) 'kafka_consumer_dag' retrieved from /opt/airflow/dags/data_loader.py
[2024-09-01T10:31:58.925+0000] {logging_mixin.py:190} INFO - [2024-09-01T10:31:58.925+0000] {dag.py:3211} INFO - Sync 1 DAGs
[2024-09-01T10:31:58.939+0000] {logging_mixin.py:190} INFO - [2024-09-01T10:31:58.938+0000] {dag.py:4138} INFO - Setting next_dagrun for kafka_consumer_dag to None, run_after=None
[2024-09-01T10:31:58.968+0000] {processor.py:208} INFO - Processing /opt/airflow/dags/data_loader.py took 0.112 seconds
[2024-09-01T10:32:29.185+0000] {processor.py:186} INFO - Started process (PID=339) to work on /opt/airflow/dags/data_loader.py
[2024-09-01T10:32:29.186+0000] {processor.py:914} INFO - Processing file /opt/airflow/dags/data_loader.py for tasks to queue
[2024-09-01T10:32:29.187+0000] {logging_mixin.py:190} INFO - [2024-09-01T10:32:29.187+0000] {dagbag.py:587} INFO - Filling up the DagBag from /opt/airflow/dags/data_loader.py
[2024-09-01T10:32:29.220+0000] {processor.py:925} INFO - DAG(s) 'kafka_consumer_dag' retrieved from /opt/airflow/dags/data_loader.py
[2024-09-01T10:32:29.247+0000] {logging_mixin.py:190} INFO - [2024-09-01T10:32:29.247+0000] {dag.py:3211} INFO - Sync 1 DAGs
[2024-09-01T10:32:29.260+0000] {logging_mixin.py:190} INFO - [2024-09-01T10:32:29.260+0000] {dag.py:4138} INFO - Setting next_dagrun for kafka_consumer_dag to None, run_after=None
[2024-09-01T10:32:29.289+0000] {processor.py:208} INFO - Processing /opt/airflow/dags/data_loader.py took 0.109 seconds
[2024-09-01T10:32:59.597+0000] {processor.py:186} INFO - Started process (PID=348) to work on /opt/airflow/dags/data_loader.py
[2024-09-01T10:32:59.598+0000] {processor.py:914} INFO - Processing file /opt/airflow/dags/data_loader.py for tasks to queue
[2024-09-01T10:32:59.599+0000] {logging_mixin.py:190} INFO - [2024-09-01T10:32:59.599+0000] {dagbag.py:587} INFO - Filling up the DagBag from /opt/airflow/dags/data_loader.py
[2024-09-01T10:32:59.635+0000] {processor.py:925} INFO - DAG(s) 'kafka_consumer_dag' retrieved from /opt/airflow/dags/data_loader.py
[2024-09-01T10:32:59.659+0000] {logging_mixin.py:190} INFO - [2024-09-01T10:32:59.659+0000] {dag.py:3211} INFO - Sync 1 DAGs
[2024-09-01T10:32:59.672+0000] {logging_mixin.py:190} INFO - [2024-09-01T10:32:59.671+0000] {dag.py:4138} INFO - Setting next_dagrun for kafka_consumer_dag to None, run_after=None
[2024-09-01T10:32:59.699+0000] {processor.py:208} INFO - Processing /opt/airflow/dags/data_loader.py took 0.107 seconds
[2024-09-01T10:33:29.957+0000] {processor.py:186} INFO - Started process (PID=357) to work on /opt/airflow/dags/data_loader.py
[2024-09-01T10:33:29.958+0000] {processor.py:914} INFO - Processing file /opt/airflow/dags/data_loader.py for tasks to queue
[2024-09-01T10:33:29.960+0000] {logging_mixin.py:190} INFO - [2024-09-01T10:33:29.959+0000] {dagbag.py:587} INFO - Filling up the DagBag from /opt/airflow/dags/data_loader.py
[2024-09-01T10:33:30.015+0000] {processor.py:925} INFO - DAG(s) 'kafka_consumer_dag' retrieved from /opt/airflow/dags/data_loader.py
[2024-09-01T10:33:30.054+0000] {logging_mixin.py:190} INFO - [2024-09-01T10:33:30.054+0000] {dag.py:3211} INFO - Sync 1 DAGs
[2024-09-01T10:33:30.075+0000] {logging_mixin.py:190} INFO - [2024-09-01T10:33:30.074+0000] {dag.py:4138} INFO - Setting next_dagrun for kafka_consumer_dag to None, run_after=None
[2024-09-01T10:33:30.098+0000] {processor.py:208} INFO - Processing /opt/airflow/dags/data_loader.py took 0.150 seconds
