[2024-09-01T10:39:28.142+0000] {processor.py:186} INFO - Started process (PID=374) to work on /opt/airflow/dags/data_loader_simple.py
[2024-09-01T10:39:28.143+0000] {processor.py:914} INFO - Processing file /opt/airflow/dags/data_loader_simple.py for tasks to queue
[2024-09-01T10:39:28.144+0000] {logging_mixin.py:190} INFO - [2024-09-01T10:39:28.144+0000] {dagbag.py:587} INFO - Filling up the DagBag from /opt/airflow/dags/data_loader_simple.py
[2024-09-01T10:39:28.178+0000] {processor.py:925} INFO - DAG(s) 'kafka_consumer_dag' retrieved from /opt/airflow/dags/data_loader_simple.py
[2024-09-01T10:39:28.282+0000] {logging_mixin.py:190} INFO - [2024-09-01T10:39:28.281+0000] {dag.py:3211} INFO - Sync 1 DAGs
[2024-09-01T10:39:28.294+0000] {logging_mixin.py:190} INFO - [2024-09-01T10:39:28.294+0000] {dag.py:4138} INFO - Setting next_dagrun for kafka_consumer_dag to None, run_after=None
[2024-09-01T10:39:28.325+0000] {processor.py:208} INFO - Processing /opt/airflow/dags/data_loader_simple.py took 0.189 seconds
[2024-09-01T10:39:58.465+0000] {processor.py:186} INFO - Started process (PID=379) to work on /opt/airflow/dags/data_loader_simple.py
[2024-09-01T10:39:58.466+0000] {processor.py:914} INFO - Processing file /opt/airflow/dags/data_loader_simple.py for tasks to queue
[2024-09-01T10:39:58.468+0000] {logging_mixin.py:190} INFO - [2024-09-01T10:39:58.467+0000] {dagbag.py:587} INFO - Filling up the DagBag from /opt/airflow/dags/data_loader_simple.py
[2024-09-01T10:39:58.497+0000] {processor.py:925} INFO - DAG(s) 'kafka_consumer_dag' retrieved from /opt/airflow/dags/data_loader_simple.py
[2024-09-01T10:39:58.559+0000] {logging_mixin.py:190} INFO - [2024-09-01T10:39:58.558+0000] {dag.py:3211} INFO - Sync 1 DAGs
[2024-09-01T10:39:58.576+0000] {logging_mixin.py:190} INFO - [2024-09-01T10:39:58.576+0000] {dag.py:4138} INFO - Setting next_dagrun for kafka_consumer_dag to None, run_after=None
[2024-09-01T10:39:58.606+0000] {processor.py:208} INFO - Processing /opt/airflow/dags/data_loader_simple.py took 0.147 seconds
[2024-09-01T10:40:28.927+0000] {processor.py:186} INFO - Started process (PID=384) to work on /opt/airflow/dags/data_loader_simple.py
[2024-09-01T10:40:28.928+0000] {processor.py:914} INFO - Processing file /opt/airflow/dags/data_loader_simple.py for tasks to queue
[2024-09-01T10:40:28.929+0000] {logging_mixin.py:190} INFO - [2024-09-01T10:40:28.929+0000] {dagbag.py:587} INFO - Filling up the DagBag from /opt/airflow/dags/data_loader_simple.py
[2024-09-01T10:40:28.952+0000] {processor.py:925} INFO - DAG(s) 'kafka_consumer_dag' retrieved from /opt/airflow/dags/data_loader_simple.py
[2024-09-01T10:40:28.980+0000] {logging_mixin.py:190} INFO - [2024-09-01T10:40:28.980+0000] {dag.py:3211} INFO - Sync 1 DAGs
[2024-09-01T10:40:28.994+0000] {logging_mixin.py:190} INFO - [2024-09-01T10:40:28.993+0000] {dag.py:4138} INFO - Setting next_dagrun for kafka_consumer_dag to None, run_after=None
[2024-09-01T10:40:29.015+0000] {processor.py:208} INFO - Processing /opt/airflow/dags/data_loader_simple.py took 0.094 seconds
[2024-09-01T10:40:59.224+0000] {processor.py:186} INFO - Started process (PID=396) to work on /opt/airflow/dags/data_loader_simple.py
[2024-09-01T10:40:59.225+0000] {processor.py:914} INFO - Processing file /opt/airflow/dags/data_loader_simple.py for tasks to queue
[2024-09-01T10:40:59.226+0000] {logging_mixin.py:190} INFO - [2024-09-01T10:40:59.226+0000] {dagbag.py:587} INFO - Filling up the DagBag from /opt/airflow/dags/data_loader_simple.py
[2024-09-01T10:40:59.257+0000] {processor.py:925} INFO - DAG(s) 'kafka_consumer_dag' retrieved from /opt/airflow/dags/data_loader_simple.py
[2024-09-01T10:40:59.313+0000] {logging_mixin.py:190} INFO - [2024-09-01T10:40:59.313+0000] {dag.py:3211} INFO - Sync 1 DAGs
[2024-09-01T10:40:59.336+0000] {logging_mixin.py:190} INFO - [2024-09-01T10:40:59.335+0000] {dag.py:4138} INFO - Setting next_dagrun for kafka_consumer_dag to None, run_after=None
[2024-09-01T10:40:59.370+0000] {processor.py:208} INFO - Processing /opt/airflow/dags/data_loader_simple.py took 0.151 seconds
[2024-09-01T10:41:29.618+0000] {processor.py:186} INFO - Started process (PID=401) to work on /opt/airflow/dags/data_loader_simple.py
[2024-09-01T10:41:29.619+0000] {processor.py:914} INFO - Processing file /opt/airflow/dags/data_loader_simple.py for tasks to queue
[2024-09-01T10:41:29.622+0000] {logging_mixin.py:190} INFO - [2024-09-01T10:41:29.621+0000] {dagbag.py:587} INFO - Filling up the DagBag from /opt/airflow/dags/data_loader_simple.py
[2024-09-01T10:41:29.650+0000] {processor.py:925} INFO - DAG(s) 'kafka_consumer_dag' retrieved from /opt/airflow/dags/data_loader_simple.py
[2024-09-01T10:41:29.677+0000] {logging_mixin.py:190} INFO - [2024-09-01T10:41:29.676+0000] {dag.py:3211} INFO - Sync 1 DAGs
[2024-09-01T10:41:29.691+0000] {logging_mixin.py:190} INFO - [2024-09-01T10:41:29.691+0000] {dag.py:4138} INFO - Setting next_dagrun for kafka_consumer_dag to None, run_after=None
[2024-09-01T10:41:29.710+0000] {processor.py:208} INFO - Processing /opt/airflow/dags/data_loader_simple.py took 0.099 seconds
[2024-09-01T10:41:59.986+0000] {processor.py:186} INFO - Started process (PID=406) to work on /opt/airflow/dags/data_loader_simple.py
[2024-09-01T10:41:59.987+0000] {processor.py:914} INFO - Processing file /opt/airflow/dags/data_loader_simple.py for tasks to queue
[2024-09-01T10:41:59.988+0000] {logging_mixin.py:190} INFO - [2024-09-01T10:41:59.988+0000] {dagbag.py:587} INFO - Filling up the DagBag from /opt/airflow/dags/data_loader_simple.py
[2024-09-01T10:42:00.010+0000] {processor.py:925} INFO - DAG(s) 'kafka_consumer_dag' retrieved from /opt/airflow/dags/data_loader_simple.py
[2024-09-01T10:42:00.041+0000] {logging_mixin.py:190} INFO - [2024-09-01T10:42:00.040+0000] {dag.py:3211} INFO - Sync 1 DAGs
[2024-09-01T10:42:00.055+0000] {logging_mixin.py:190} INFO - [2024-09-01T10:42:00.055+0000] {dag.py:4138} INFO - Setting next_dagrun for kafka_consumer_dag to None, run_after=None
[2024-09-01T10:42:00.077+0000] {processor.py:208} INFO - Processing /opt/airflow/dags/data_loader_simple.py took 0.096 seconds
[2024-09-01T10:42:30.353+0000] {processor.py:186} INFO - Started process (PID=411) to work on /opt/airflow/dags/data_loader_simple.py
[2024-09-01T10:42:30.354+0000] {processor.py:914} INFO - Processing file /opt/airflow/dags/data_loader_simple.py for tasks to queue
[2024-09-01T10:42:30.355+0000] {logging_mixin.py:190} INFO - [2024-09-01T10:42:30.355+0000] {dagbag.py:587} INFO - Filling up the DagBag from /opt/airflow/dags/data_loader_simple.py
[2024-09-01T10:42:30.381+0000] {processor.py:925} INFO - DAG(s) 'kafka_consumer_dag' retrieved from /opt/airflow/dags/data_loader_simple.py
[2024-09-01T10:42:30.406+0000] {logging_mixin.py:190} INFO - [2024-09-01T10:42:30.406+0000] {dag.py:3211} INFO - Sync 1 DAGs
[2024-09-01T10:42:30.418+0000] {logging_mixin.py:190} INFO - [2024-09-01T10:42:30.418+0000] {dag.py:4138} INFO - Setting next_dagrun for kafka_consumer_dag to None, run_after=None
[2024-09-01T10:42:30.439+0000] {processor.py:208} INFO - Processing /opt/airflow/dags/data_loader_simple.py took 0.092 seconds
[2024-09-01T10:43:00.704+0000] {processor.py:186} INFO - Started process (PID=416) to work on /opt/airflow/dags/data_loader_simple.py
[2024-09-01T10:43:00.705+0000] {processor.py:914} INFO - Processing file /opt/airflow/dags/data_loader_simple.py for tasks to queue
[2024-09-01T10:43:00.706+0000] {logging_mixin.py:190} INFO - [2024-09-01T10:43:00.706+0000] {dagbag.py:587} INFO - Filling up the DagBag from /opt/airflow/dags/data_loader_simple.py
[2024-09-01T10:43:00.732+0000] {processor.py:925} INFO - DAG(s) 'kafka_consumer_dag' retrieved from /opt/airflow/dags/data_loader_simple.py
[2024-09-01T10:43:00.761+0000] {logging_mixin.py:190} INFO - [2024-09-01T10:43:00.760+0000] {dag.py:3211} INFO - Sync 1 DAGs
[2024-09-01T10:43:00.778+0000] {logging_mixin.py:190} INFO - [2024-09-01T10:43:00.777+0000] {dag.py:4138} INFO - Setting next_dagrun for kafka_consumer_dag to None, run_after=None
[2024-09-01T10:43:00.804+0000] {processor.py:208} INFO - Processing /opt/airflow/dags/data_loader_simple.py took 0.105 seconds
[2024-09-01T10:43:31.044+0000] {processor.py:186} INFO - Started process (PID=421) to work on /opt/airflow/dags/data_loader_simple.py
[2024-09-01T10:43:31.045+0000] {processor.py:914} INFO - Processing file /opt/airflow/dags/data_loader_simple.py for tasks to queue
[2024-09-01T10:43:31.046+0000] {logging_mixin.py:190} INFO - [2024-09-01T10:43:31.046+0000] {dagbag.py:587} INFO - Filling up the DagBag from /opt/airflow/dags/data_loader_simple.py
[2024-09-01T10:43:31.075+0000] {processor.py:925} INFO - DAG(s) 'kafka_consumer_dag' retrieved from /opt/airflow/dags/data_loader_simple.py
[2024-09-01T10:43:31.101+0000] {logging_mixin.py:190} INFO - [2024-09-01T10:43:31.100+0000] {dag.py:3211} INFO - Sync 1 DAGs
[2024-09-01T10:43:31.114+0000] {logging_mixin.py:190} INFO - [2024-09-01T10:43:31.114+0000] {dag.py:4138} INFO - Setting next_dagrun for kafka_consumer_dag to None, run_after=None
[2024-09-01T10:43:31.134+0000] {processor.py:208} INFO - Processing /opt/airflow/dags/data_loader_simple.py took 0.095 seconds
[2024-09-01T10:44:01.484+0000] {processor.py:186} INFO - Started process (PID=426) to work on /opt/airflow/dags/data_loader_simple.py
[2024-09-01T10:44:01.485+0000] {processor.py:914} INFO - Processing file /opt/airflow/dags/data_loader_simple.py for tasks to queue
[2024-09-01T10:44:01.486+0000] {logging_mixin.py:190} INFO - [2024-09-01T10:44:01.486+0000] {dagbag.py:587} INFO - Filling up the DagBag from /opt/airflow/dags/data_loader_simple.py
[2024-09-01T10:44:01.509+0000] {processor.py:925} INFO - DAG(s) 'kafka_consumer_dag' retrieved from /opt/airflow/dags/data_loader_simple.py
[2024-09-01T10:44:01.534+0000] {logging_mixin.py:190} INFO - [2024-09-01T10:44:01.534+0000] {dag.py:3211} INFO - Sync 1 DAGs
[2024-09-01T10:44:01.549+0000] {logging_mixin.py:190} INFO - [2024-09-01T10:44:01.549+0000] {dag.py:4138} INFO - Setting next_dagrun for kafka_consumer_dag to None, run_after=None
[2024-09-01T10:44:01.578+0000] {processor.py:208} INFO - Processing /opt/airflow/dags/data_loader_simple.py took 0.100 seconds
[2024-09-01T10:44:31.937+0000] {processor.py:186} INFO - Started process (PID=431) to work on /opt/airflow/dags/data_loader_simple.py
[2024-09-01T10:44:31.938+0000] {processor.py:914} INFO - Processing file /opt/airflow/dags/data_loader_simple.py for tasks to queue
[2024-09-01T10:44:31.940+0000] {logging_mixin.py:190} INFO - [2024-09-01T10:44:31.939+0000] {dagbag.py:587} INFO - Filling up the DagBag from /opt/airflow/dags/data_loader_simple.py
[2024-09-01T10:44:31.962+0000] {processor.py:925} INFO - DAG(s) 'kafka_consumer_dag' retrieved from /opt/airflow/dags/data_loader_simple.py
[2024-09-01T10:44:31.986+0000] {logging_mixin.py:190} INFO - [2024-09-01T10:44:31.986+0000] {dag.py:3211} INFO - Sync 1 DAGs
[2024-09-01T10:44:31.998+0000] {logging_mixin.py:190} INFO - [2024-09-01T10:44:31.998+0000] {dag.py:4138} INFO - Setting next_dagrun for kafka_consumer_dag to None, run_after=None
[2024-09-01T10:44:32.026+0000] {processor.py:208} INFO - Processing /opt/airflow/dags/data_loader_simple.py took 0.094 seconds
[2024-09-01T10:45:02.311+0000] {processor.py:186} INFO - Started process (PID=436) to work on /opt/airflow/dags/data_loader_simple.py
[2024-09-01T10:45:02.313+0000] {processor.py:914} INFO - Processing file /opt/airflow/dags/data_loader_simple.py for tasks to queue
[2024-09-01T10:45:02.314+0000] {logging_mixin.py:190} INFO - [2024-09-01T10:45:02.314+0000] {dagbag.py:587} INFO - Filling up the DagBag from /opt/airflow/dags/data_loader_simple.py
[2024-09-01T10:45:02.341+0000] {processor.py:925} INFO - DAG(s) 'kafka_consumer_dag' retrieved from /opt/airflow/dags/data_loader_simple.py
[2024-09-01T10:45:02.371+0000] {logging_mixin.py:190} INFO - [2024-09-01T10:45:02.370+0000] {dag.py:3211} INFO - Sync 1 DAGs
[2024-09-01T10:45:02.385+0000] {logging_mixin.py:190} INFO - [2024-09-01T10:45:02.384+0000] {dag.py:4138} INFO - Setting next_dagrun for kafka_consumer_dag to None, run_after=None
[2024-09-01T10:45:02.413+0000] {processor.py:208} INFO - Processing /opt/airflow/dags/data_loader_simple.py took 0.108 seconds
[2024-09-01T10:45:32.714+0000] {processor.py:186} INFO - Started process (PID=441) to work on /opt/airflow/dags/data_loader_simple.py
[2024-09-01T10:45:32.716+0000] {processor.py:914} INFO - Processing file /opt/airflow/dags/data_loader_simple.py for tasks to queue
[2024-09-01T10:45:32.717+0000] {logging_mixin.py:190} INFO - [2024-09-01T10:45:32.717+0000] {dagbag.py:587} INFO - Filling up the DagBag from /opt/airflow/dags/data_loader_simple.py
[2024-09-01T10:45:32.749+0000] {processor.py:925} INFO - DAG(s) 'kafka_consumer_dag' retrieved from /opt/airflow/dags/data_loader_simple.py
[2024-09-01T10:45:32.776+0000] {logging_mixin.py:190} INFO - [2024-09-01T10:45:32.776+0000] {dag.py:3211} INFO - Sync 1 DAGs
[2024-09-01T10:45:32.790+0000] {logging_mixin.py:190} INFO - [2024-09-01T10:45:32.790+0000] {dag.py:4138} INFO - Setting next_dagrun for kafka_consumer_dag to None, run_after=None
[2024-09-01T10:45:32.820+0000] {processor.py:208} INFO - Processing /opt/airflow/dags/data_loader_simple.py took 0.111 seconds
[2024-09-01T10:46:03.040+0000] {processor.py:186} INFO - Started process (PID=446) to work on /opt/airflow/dags/data_loader_simple.py
[2024-09-01T10:46:03.041+0000] {processor.py:914} INFO - Processing file /opt/airflow/dags/data_loader_simple.py for tasks to queue
[2024-09-01T10:46:03.043+0000] {logging_mixin.py:190} INFO - [2024-09-01T10:46:03.043+0000] {dagbag.py:587} INFO - Filling up the DagBag from /opt/airflow/dags/data_loader_simple.py
[2024-09-01T10:46:03.069+0000] {processor.py:925} INFO - DAG(s) 'kafka_consumer_dag' retrieved from /opt/airflow/dags/data_loader_simple.py
[2024-09-01T10:46:03.098+0000] {logging_mixin.py:190} INFO - [2024-09-01T10:46:03.098+0000] {dag.py:3211} INFO - Sync 1 DAGs
[2024-09-01T10:46:03.112+0000] {logging_mixin.py:190} INFO - [2024-09-01T10:46:03.112+0000] {dag.py:4138} INFO - Setting next_dagrun for kafka_consumer_dag to None, run_after=None
[2024-09-01T10:46:03.140+0000] {processor.py:208} INFO - Processing /opt/airflow/dags/data_loader_simple.py took 0.105 seconds
[2024-09-01T10:46:33.476+0000] {processor.py:186} INFO - Started process (PID=451) to work on /opt/airflow/dags/data_loader_simple.py
[2024-09-01T10:46:33.478+0000] {processor.py:914} INFO - Processing file /opt/airflow/dags/data_loader_simple.py for tasks to queue
[2024-09-01T10:46:33.482+0000] {logging_mixin.py:190} INFO - [2024-09-01T10:46:33.481+0000] {dagbag.py:587} INFO - Filling up the DagBag from /opt/airflow/dags/data_loader_simple.py
[2024-09-01T10:46:33.519+0000] {processor.py:925} INFO - DAG(s) 'kafka_consumer_dag' retrieved from /opt/airflow/dags/data_loader_simple.py
[2024-09-01T10:46:33.549+0000] {logging_mixin.py:190} INFO - [2024-09-01T10:46:33.548+0000] {dag.py:3211} INFO - Sync 1 DAGs
[2024-09-01T10:46:33.562+0000] {logging_mixin.py:190} INFO - [2024-09-01T10:46:33.561+0000] {dag.py:4138} INFO - Setting next_dagrun for kafka_consumer_dag to None, run_after=None
[2024-09-01T10:46:33.586+0000] {processor.py:208} INFO - Processing /opt/airflow/dags/data_loader_simple.py took 0.117 seconds
[2024-09-01T10:47:03.838+0000] {processor.py:186} INFO - Started process (PID=456) to work on /opt/airflow/dags/data_loader_simple.py
[2024-09-01T10:47:03.839+0000] {processor.py:914} INFO - Processing file /opt/airflow/dags/data_loader_simple.py for tasks to queue
[2024-09-01T10:47:03.840+0000] {logging_mixin.py:190} INFO - [2024-09-01T10:47:03.840+0000] {dagbag.py:587} INFO - Filling up the DagBag from /opt/airflow/dags/data_loader_simple.py
[2024-09-01T10:47:03.864+0000] {processor.py:925} INFO - DAG(s) 'kafka_consumer_dag' retrieved from /opt/airflow/dags/data_loader_simple.py
[2024-09-01T10:47:03.898+0000] {logging_mixin.py:190} INFO - [2024-09-01T10:47:03.898+0000] {dag.py:3211} INFO - Sync 1 DAGs
[2024-09-01T10:47:03.914+0000] {logging_mixin.py:190} INFO - [2024-09-01T10:47:03.913+0000] {dag.py:4138} INFO - Setting next_dagrun for kafka_consumer_dag to None, run_after=None
[2024-09-01T10:47:03.947+0000] {processor.py:208} INFO - Processing /opt/airflow/dags/data_loader_simple.py took 0.116 seconds
[2024-09-01T10:47:34.259+0000] {processor.py:186} INFO - Started process (PID=461) to work on /opt/airflow/dags/data_loader_simple.py
[2024-09-01T10:47:34.260+0000] {processor.py:914} INFO - Processing file /opt/airflow/dags/data_loader_simple.py for tasks to queue
[2024-09-01T10:47:34.261+0000] {logging_mixin.py:190} INFO - [2024-09-01T10:47:34.261+0000] {dagbag.py:587} INFO - Filling up the DagBag from /opt/airflow/dags/data_loader_simple.py
[2024-09-01T10:47:34.283+0000] {processor.py:925} INFO - DAG(s) 'kafka_consumer_dag' retrieved from /opt/airflow/dags/data_loader_simple.py
[2024-09-01T10:47:34.309+0000] {logging_mixin.py:190} INFO - [2024-09-01T10:47:34.309+0000] {dag.py:3211} INFO - Sync 1 DAGs
[2024-09-01T10:47:34.323+0000] {logging_mixin.py:190} INFO - [2024-09-01T10:47:34.323+0000] {dag.py:4138} INFO - Setting next_dagrun for kafka_consumer_dag to None, run_after=None
[2024-09-01T10:47:34.352+0000] {processor.py:208} INFO - Processing /opt/airflow/dags/data_loader_simple.py took 0.099 seconds
[2024-09-01T10:48:04.662+0000] {processor.py:186} INFO - Started process (PID=466) to work on /opt/airflow/dags/data_loader_simple.py
[2024-09-01T10:48:04.663+0000] {processor.py:914} INFO - Processing file /opt/airflow/dags/data_loader_simple.py for tasks to queue
[2024-09-01T10:48:04.664+0000] {logging_mixin.py:190} INFO - [2024-09-01T10:48:04.663+0000] {dagbag.py:587} INFO - Filling up the DagBag from /opt/airflow/dags/data_loader_simple.py
[2024-09-01T10:48:04.689+0000] {processor.py:925} INFO - DAG(s) 'kafka_consumer_dag' retrieved from /opt/airflow/dags/data_loader_simple.py
[2024-09-01T10:48:04.714+0000] {logging_mixin.py:190} INFO - [2024-09-01T10:48:04.714+0000] {dag.py:3211} INFO - Sync 1 DAGs
[2024-09-01T10:48:04.727+0000] {logging_mixin.py:190} INFO - [2024-09-01T10:48:04.726+0000] {dag.py:4138} INFO - Setting next_dagrun for kafka_consumer_dag to None, run_after=None
[2024-09-01T10:48:04.756+0000] {processor.py:208} INFO - Processing /opt/airflow/dags/data_loader_simple.py took 0.099 seconds
[2024-09-01T10:48:35.026+0000] {processor.py:186} INFO - Started process (PID=471) to work on /opt/airflow/dags/data_loader_simple.py
[2024-09-01T10:48:35.027+0000] {processor.py:914} INFO - Processing file /opt/airflow/dags/data_loader_simple.py for tasks to queue
[2024-09-01T10:48:35.028+0000] {logging_mixin.py:190} INFO - [2024-09-01T10:48:35.028+0000] {dagbag.py:587} INFO - Filling up the DagBag from /opt/airflow/dags/data_loader_simple.py
[2024-09-01T10:48:35.049+0000] {processor.py:925} INFO - DAG(s) 'kafka_consumer_dag' retrieved from /opt/airflow/dags/data_loader_simple.py
[2024-09-01T10:48:35.075+0000] {logging_mixin.py:190} INFO - [2024-09-01T10:48:35.075+0000] {dag.py:3211} INFO - Sync 1 DAGs
[2024-09-01T10:48:35.090+0000] {logging_mixin.py:190} INFO - [2024-09-01T10:48:35.089+0000] {dag.py:4138} INFO - Setting next_dagrun for kafka_consumer_dag to None, run_after=None
[2024-09-01T10:48:35.119+0000] {processor.py:208} INFO - Processing /opt/airflow/dags/data_loader_simple.py took 0.099 seconds
[2024-09-01T10:49:05.431+0000] {processor.py:186} INFO - Started process (PID=476) to work on /opt/airflow/dags/data_loader_simple.py
[2024-09-01T10:49:05.432+0000] {processor.py:914} INFO - Processing file /opt/airflow/dags/data_loader_simple.py for tasks to queue
[2024-09-01T10:49:05.434+0000] {logging_mixin.py:190} INFO - [2024-09-01T10:49:05.433+0000] {dagbag.py:587} INFO - Filling up the DagBag from /opt/airflow/dags/data_loader_simple.py
[2024-09-01T10:49:05.456+0000] {processor.py:925} INFO - DAG(s) 'kafka_consumer_dag' retrieved from /opt/airflow/dags/data_loader_simple.py
[2024-09-01T10:49:05.483+0000] {logging_mixin.py:190} INFO - [2024-09-01T10:49:05.483+0000] {dag.py:3211} INFO - Sync 1 DAGs
[2024-09-01T10:49:05.496+0000] {logging_mixin.py:190} INFO - [2024-09-01T10:49:05.496+0000] {dag.py:4138} INFO - Setting next_dagrun for kafka_consumer_dag to None, run_after=None
[2024-09-01T10:49:05.524+0000] {processor.py:208} INFO - Processing /opt/airflow/dags/data_loader_simple.py took 0.099 seconds
[2024-09-01T10:49:35.892+0000] {processor.py:186} INFO - Started process (PID=486) to work on /opt/airflow/dags/data_loader_simple.py
[2024-09-01T10:49:35.916+0000] {processor.py:914} INFO - Processing file /opt/airflow/dags/data_loader_simple.py for tasks to queue
[2024-09-01T10:49:35.921+0000] {logging_mixin.py:190} INFO - [2024-09-01T10:49:35.921+0000] {dagbag.py:587} INFO - Filling up the DagBag from /opt/airflow/dags/data_loader_simple.py
[2024-09-01T10:49:35.960+0000] {processor.py:925} INFO - DAG(s) 'kafka_consumer_dag' retrieved from /opt/airflow/dags/data_loader_simple.py
[2024-09-01T10:49:35.986+0000] {logging_mixin.py:190} INFO - [2024-09-01T10:49:35.986+0000] {dag.py:3211} INFO - Sync 1 DAGs
[2024-09-01T10:49:36.000+0000] {logging_mixin.py:190} INFO - [2024-09-01T10:49:36.000+0000] {dag.py:4138} INFO - Setting next_dagrun for kafka_consumer_dag to None, run_after=None
[2024-09-01T10:49:36.029+0000] {processor.py:208} INFO - Processing /opt/airflow/dags/data_loader_simple.py took 0.145 seconds
[2024-09-01T10:50:06.407+0000] {processor.py:186} INFO - Started process (PID=496) to work on /opt/airflow/dags/data_loader_simple.py
[2024-09-01T10:50:06.408+0000] {processor.py:914} INFO - Processing file /opt/airflow/dags/data_loader_simple.py for tasks to queue
[2024-09-01T10:50:06.409+0000] {logging_mixin.py:190} INFO - [2024-09-01T10:50:06.409+0000] {dagbag.py:587} INFO - Filling up the DagBag from /opt/airflow/dags/data_loader_simple.py
[2024-09-01T10:50:06.432+0000] {processor.py:925} INFO - DAG(s) 'kafka_consumer_dag' retrieved from /opt/airflow/dags/data_loader_simple.py
[2024-09-01T10:50:06.458+0000] {logging_mixin.py:190} INFO - [2024-09-01T10:50:06.458+0000] {dag.py:3211} INFO - Sync 1 DAGs
[2024-09-01T10:50:06.473+0000] {logging_mixin.py:190} INFO - [2024-09-01T10:50:06.473+0000] {dag.py:4138} INFO - Setting next_dagrun for kafka_consumer_dag to None, run_after=None
[2024-09-01T10:50:06.493+0000] {processor.py:208} INFO - Processing /opt/airflow/dags/data_loader_simple.py took 0.091 seconds
[2024-09-01T10:50:36.801+0000] {processor.py:186} INFO - Started process (PID=513) to work on /opt/airflow/dags/data_loader_simple.py
[2024-09-01T10:50:36.802+0000] {processor.py:914} INFO - Processing file /opt/airflow/dags/data_loader_simple.py for tasks to queue
[2024-09-01T10:50:36.804+0000] {logging_mixin.py:190} INFO - [2024-09-01T10:50:36.804+0000] {dagbag.py:587} INFO - Filling up the DagBag from /opt/airflow/dags/data_loader_simple.py
[2024-09-01T10:50:36.834+0000] {processor.py:925} INFO - DAG(s) 'kafka_consumer_dag' retrieved from /opt/airflow/dags/data_loader_simple.py
[2024-09-01T10:50:36.863+0000] {logging_mixin.py:190} INFO - [2024-09-01T10:50:36.863+0000] {dag.py:3211} INFO - Sync 1 DAGs
[2024-09-01T10:50:36.876+0000] {logging_mixin.py:190} INFO - [2024-09-01T10:50:36.876+0000] {dag.py:4138} INFO - Setting next_dagrun for kafka_consumer_dag to None, run_after=None
[2024-09-01T10:50:36.896+0000] {processor.py:208} INFO - Processing /opt/airflow/dags/data_loader_simple.py took 0.100 seconds
[2024-09-01T10:51:07.257+0000] {processor.py:186} INFO - Started process (PID=530) to work on /opt/airflow/dags/data_loader_simple.py
[2024-09-01T10:51:07.258+0000] {processor.py:914} INFO - Processing file /opt/airflow/dags/data_loader_simple.py for tasks to queue
[2024-09-01T10:51:07.259+0000] {logging_mixin.py:190} INFO - [2024-09-01T10:51:07.259+0000] {dagbag.py:587} INFO - Filling up the DagBag from /opt/airflow/dags/data_loader_simple.py
[2024-09-01T10:51:07.293+0000] {processor.py:925} INFO - DAG(s) 'kafka_consumer_dag' retrieved from /opt/airflow/dags/data_loader_simple.py
[2024-09-01T10:51:07.339+0000] {logging_mixin.py:190} INFO - [2024-09-01T10:51:07.338+0000] {dag.py:3211} INFO - Sync 1 DAGs
[2024-09-01T10:51:07.361+0000] {logging_mixin.py:190} INFO - [2024-09-01T10:51:07.361+0000] {dag.py:4138} INFO - Setting next_dagrun for kafka_consumer_dag to None, run_after=None
[2024-09-01T10:51:07.391+0000] {processor.py:208} INFO - Processing /opt/airflow/dags/data_loader_simple.py took 0.140 seconds
[2024-09-01T10:51:37.769+0000] {processor.py:186} INFO - Started process (PID=540) to work on /opt/airflow/dags/data_loader_simple.py
[2024-09-01T10:51:37.770+0000] {processor.py:914} INFO - Processing file /opt/airflow/dags/data_loader_simple.py for tasks to queue
[2024-09-01T10:51:37.771+0000] {logging_mixin.py:190} INFO - [2024-09-01T10:51:37.771+0000] {dagbag.py:587} INFO - Filling up the DagBag from /opt/airflow/dags/data_loader_simple.py
[2024-09-01T10:51:37.805+0000] {processor.py:925} INFO - DAG(s) 'kafka_consumer_dag' retrieved from /opt/airflow/dags/data_loader_simple.py
[2024-09-01T10:51:37.835+0000] {logging_mixin.py:190} INFO - [2024-09-01T10:51:37.834+0000] {dag.py:3211} INFO - Sync 1 DAGs
[2024-09-01T10:51:37.848+0000] {logging_mixin.py:190} INFO - [2024-09-01T10:51:37.847+0000] {dag.py:4138} INFO - Setting next_dagrun for kafka_consumer_dag to None, run_after=None
[2024-09-01T10:51:37.871+0000] {processor.py:208} INFO - Processing /opt/airflow/dags/data_loader_simple.py took 0.110 seconds
[2024-09-01T10:52:08.223+0000] {processor.py:186} INFO - Started process (PID=550) to work on /opt/airflow/dags/data_loader_simple.py
[2024-09-01T10:52:08.224+0000] {processor.py:914} INFO - Processing file /opt/airflow/dags/data_loader_simple.py for tasks to queue
[2024-09-01T10:52:08.225+0000] {logging_mixin.py:190} INFO - [2024-09-01T10:52:08.225+0000] {dagbag.py:587} INFO - Filling up the DagBag from /opt/airflow/dags/data_loader_simple.py
[2024-09-01T10:52:08.248+0000] {processor.py:925} INFO - DAG(s) 'kafka_consumer_dag' retrieved from /opt/airflow/dags/data_loader_simple.py
[2024-09-01T10:52:08.276+0000] {logging_mixin.py:190} INFO - [2024-09-01T10:52:08.275+0000] {dag.py:3211} INFO - Sync 1 DAGs
[2024-09-01T10:52:08.290+0000] {logging_mixin.py:190} INFO - [2024-09-01T10:52:08.290+0000] {dag.py:4138} INFO - Setting next_dagrun for kafka_consumer_dag to None, run_after=None
[2024-09-01T10:52:08.318+0000] {processor.py:208} INFO - Processing /opt/airflow/dags/data_loader_simple.py took 0.101 seconds
[2024-09-01T10:52:38.743+0000] {processor.py:186} INFO - Started process (PID=560) to work on /opt/airflow/dags/data_loader_simple.py
[2024-09-01T10:52:38.745+0000] {processor.py:914} INFO - Processing file /opt/airflow/dags/data_loader_simple.py for tasks to queue
[2024-09-01T10:52:38.746+0000] {logging_mixin.py:190} INFO - [2024-09-01T10:52:38.746+0000] {dagbag.py:587} INFO - Filling up the DagBag from /opt/airflow/dags/data_loader_simple.py
[2024-09-01T10:52:38.770+0000] {processor.py:925} INFO - DAG(s) 'kafka_consumer_dag' retrieved from /opt/airflow/dags/data_loader_simple.py
[2024-09-01T10:52:38.795+0000] {logging_mixin.py:190} INFO - [2024-09-01T10:52:38.794+0000] {dag.py:3211} INFO - Sync 1 DAGs
[2024-09-01T10:52:38.808+0000] {logging_mixin.py:190} INFO - [2024-09-01T10:52:38.808+0000] {dag.py:4138} INFO - Setting next_dagrun for kafka_consumer_dag to None, run_after=None
[2024-09-01T10:52:38.837+0000] {processor.py:208} INFO - Processing /opt/airflow/dags/data_loader_simple.py took 0.102 seconds
[2024-09-01T10:53:09.229+0000] {processor.py:186} INFO - Started process (PID=570) to work on /opt/airflow/dags/data_loader_simple.py
[2024-09-01T10:53:09.230+0000] {processor.py:914} INFO - Processing file /opt/airflow/dags/data_loader_simple.py for tasks to queue
[2024-09-01T10:53:09.231+0000] {logging_mixin.py:190} INFO - [2024-09-01T10:53:09.231+0000] {dagbag.py:587} INFO - Filling up the DagBag from /opt/airflow/dags/data_loader_simple.py
[2024-09-01T10:53:09.254+0000] {processor.py:925} INFO - DAG(s) 'kafka_consumer_dag' retrieved from /opt/airflow/dags/data_loader_simple.py
[2024-09-01T10:53:09.280+0000] {logging_mixin.py:190} INFO - [2024-09-01T10:53:09.279+0000] {dag.py:3211} INFO - Sync 1 DAGs
[2024-09-01T10:53:09.293+0000] {logging_mixin.py:190} INFO - [2024-09-01T10:53:09.293+0000] {dag.py:4138} INFO - Setting next_dagrun for kafka_consumer_dag to None, run_after=None
[2024-09-01T10:53:09.322+0000] {processor.py:208} INFO - Processing /opt/airflow/dags/data_loader_simple.py took 0.099 seconds
[2024-09-01T10:53:39.802+0000] {processor.py:186} INFO - Started process (PID=580) to work on /opt/airflow/dags/data_loader_simple.py
[2024-09-01T10:53:39.803+0000] {processor.py:914} INFO - Processing file /opt/airflow/dags/data_loader_simple.py for tasks to queue
[2024-09-01T10:53:39.804+0000] {logging_mixin.py:190} INFO - [2024-09-01T10:53:39.804+0000] {dagbag.py:587} INFO - Filling up the DagBag from /opt/airflow/dags/data_loader_simple.py
[2024-09-01T10:53:39.827+0000] {processor.py:925} INFO - DAG(s) 'kafka_consumer_dag' retrieved from /opt/airflow/dags/data_loader_simple.py
[2024-09-01T10:53:39.853+0000] {logging_mixin.py:190} INFO - [2024-09-01T10:53:39.853+0000] {dag.py:3211} INFO - Sync 1 DAGs
[2024-09-01T10:53:39.867+0000] {logging_mixin.py:190} INFO - [2024-09-01T10:53:39.867+0000] {dag.py:4138} INFO - Setting next_dagrun for kafka_consumer_dag to None, run_after=None
[2024-09-01T10:53:39.886+0000] {processor.py:208} INFO - Processing /opt/airflow/dags/data_loader_simple.py took 0.090 seconds
[2024-09-01T10:54:10.307+0000] {processor.py:186} INFO - Started process (PID=590) to work on /opt/airflow/dags/data_loader_simple.py
[2024-09-01T10:54:10.308+0000] {processor.py:914} INFO - Processing file /opt/airflow/dags/data_loader_simple.py for tasks to queue
[2024-09-01T10:54:10.310+0000] {logging_mixin.py:190} INFO - [2024-09-01T10:54:10.309+0000] {dagbag.py:587} INFO - Filling up the DagBag from /opt/airflow/dags/data_loader_simple.py
[2024-09-01T10:54:10.334+0000] {processor.py:925} INFO - DAG(s) 'kafka_consumer_dag' retrieved from /opt/airflow/dags/data_loader_simple.py
[2024-09-01T10:54:10.361+0000] {logging_mixin.py:190} INFO - [2024-09-01T10:54:10.360+0000] {dag.py:3211} INFO - Sync 1 DAGs
[2024-09-01T10:54:10.374+0000] {logging_mixin.py:190} INFO - [2024-09-01T10:54:10.374+0000] {dag.py:4138} INFO - Setting next_dagrun for kafka_consumer_dag to None, run_after=None
[2024-09-01T10:54:10.404+0000] {processor.py:208} INFO - Processing /opt/airflow/dags/data_loader_simple.py took 0.102 seconds
[2024-09-01T10:54:40.910+0000] {processor.py:186} INFO - Started process (PID=600) to work on /opt/airflow/dags/data_loader_simple.py
[2024-09-01T10:54:40.911+0000] {processor.py:914} INFO - Processing file /opt/airflow/dags/data_loader_simple.py for tasks to queue
[2024-09-01T10:54:40.913+0000] {logging_mixin.py:190} INFO - [2024-09-01T10:54:40.912+0000] {dagbag.py:587} INFO - Filling up the DagBag from /opt/airflow/dags/data_loader_simple.py
[2024-09-01T10:54:40.937+0000] {processor.py:925} INFO - DAG(s) 'kafka_consumer_dag' retrieved from /opt/airflow/dags/data_loader_simple.py
[2024-09-01T10:54:40.970+0000] {logging_mixin.py:190} INFO - [2024-09-01T10:54:40.969+0000] {dag.py:3211} INFO - Sync 1 DAGs
[2024-09-01T10:54:40.986+0000] {logging_mixin.py:190} INFO - [2024-09-01T10:54:40.986+0000] {dag.py:4138} INFO - Setting next_dagrun for kafka_consumer_dag to None, run_after=None
[2024-09-01T10:54:41.017+0000] {processor.py:208} INFO - Processing /opt/airflow/dags/data_loader_simple.py took 0.112 seconds
[2024-09-01T10:55:11.401+0000] {processor.py:186} INFO - Started process (PID=610) to work on /opt/airflow/dags/data_loader_simple.py
[2024-09-01T10:55:11.402+0000] {processor.py:914} INFO - Processing file /opt/airflow/dags/data_loader_simple.py for tasks to queue
[2024-09-01T10:55:11.403+0000] {logging_mixin.py:190} INFO - [2024-09-01T10:55:11.403+0000] {dagbag.py:587} INFO - Filling up the DagBag from /opt/airflow/dags/data_loader_simple.py
[2024-09-01T10:55:11.428+0000] {processor.py:925} INFO - DAG(s) 'kafka_consumer_dag' retrieved from /opt/airflow/dags/data_loader_simple.py
[2024-09-01T10:55:11.453+0000] {logging_mixin.py:190} INFO - [2024-09-01T10:55:11.453+0000] {dag.py:3211} INFO - Sync 1 DAGs
[2024-09-01T10:55:11.466+0000] {logging_mixin.py:190} INFO - [2024-09-01T10:55:11.466+0000] {dag.py:4138} INFO - Setting next_dagrun for kafka_consumer_dag to None, run_after=None
[2024-09-01T10:55:11.495+0000] {processor.py:208} INFO - Processing /opt/airflow/dags/data_loader_simple.py took 0.100 seconds
[2024-09-01T10:55:41.975+0000] {processor.py:186} INFO - Started process (PID=620) to work on /opt/airflow/dags/data_loader_simple.py
[2024-09-01T10:55:41.976+0000] {processor.py:914} INFO - Processing file /opt/airflow/dags/data_loader_simple.py for tasks to queue
[2024-09-01T10:55:41.977+0000] {logging_mixin.py:190} INFO - [2024-09-01T10:55:41.977+0000] {dagbag.py:587} INFO - Filling up the DagBag from /opt/airflow/dags/data_loader_simple.py
[2024-09-01T10:55:42.000+0000] {processor.py:925} INFO - DAG(s) 'kafka_consumer_dag' retrieved from /opt/airflow/dags/data_loader_simple.py
[2024-09-01T10:55:42.026+0000] {logging_mixin.py:190} INFO - [2024-09-01T10:55:42.026+0000] {dag.py:3211} INFO - Sync 1 DAGs
[2024-09-01T10:55:42.039+0000] {logging_mixin.py:190} INFO - [2024-09-01T10:55:42.039+0000] {dag.py:4138} INFO - Setting next_dagrun for kafka_consumer_dag to None, run_after=None
[2024-09-01T10:55:42.068+0000] {processor.py:208} INFO - Processing /opt/airflow/dags/data_loader_simple.py took 0.098 seconds
[2024-09-01T10:56:12.527+0000] {processor.py:186} INFO - Started process (PID=630) to work on /opt/airflow/dags/data_loader_simple.py
[2024-09-01T10:56:12.528+0000] {processor.py:914} INFO - Processing file /opt/airflow/dags/data_loader_simple.py for tasks to queue
[2024-09-01T10:56:12.529+0000] {logging_mixin.py:190} INFO - [2024-09-01T10:56:12.529+0000] {dagbag.py:587} INFO - Filling up the DagBag from /opt/airflow/dags/data_loader_simple.py
[2024-09-01T10:56:12.551+0000] {processor.py:925} INFO - DAG(s) 'kafka_consumer_dag' retrieved from /opt/airflow/dags/data_loader_simple.py
[2024-09-01T10:56:12.577+0000] {logging_mixin.py:190} INFO - [2024-09-01T10:56:12.577+0000] {dag.py:3211} INFO - Sync 1 DAGs
[2024-09-01T10:56:12.590+0000] {logging_mixin.py:190} INFO - [2024-09-01T10:56:12.590+0000] {dag.py:4138} INFO - Setting next_dagrun for kafka_consumer_dag to None, run_after=None
[2024-09-01T10:56:12.619+0000] {processor.py:208} INFO - Processing /opt/airflow/dags/data_loader_simple.py took 0.098 seconds
[2024-09-01T10:56:43.066+0000] {processor.py:186} INFO - Started process (PID=640) to work on /opt/airflow/dags/data_loader_simple.py
[2024-09-01T10:56:43.067+0000] {processor.py:914} INFO - Processing file /opt/airflow/dags/data_loader_simple.py for tasks to queue
[2024-09-01T10:56:43.068+0000] {logging_mixin.py:190} INFO - [2024-09-01T10:56:43.068+0000] {dagbag.py:587} INFO - Filling up the DagBag from /opt/airflow/dags/data_loader_simple.py
[2024-09-01T10:56:43.092+0000] {processor.py:925} INFO - DAG(s) 'kafka_consumer_dag' retrieved from /opt/airflow/dags/data_loader_simple.py
[2024-09-01T10:56:43.119+0000] {logging_mixin.py:190} INFO - [2024-09-01T10:56:43.119+0000] {dag.py:3211} INFO - Sync 1 DAGs
[2024-09-01T10:56:43.132+0000] {logging_mixin.py:190} INFO - [2024-09-01T10:56:43.132+0000] {dag.py:4138} INFO - Setting next_dagrun for kafka_consumer_dag to None, run_after=None
[2024-09-01T10:56:43.162+0000] {processor.py:208} INFO - Processing /opt/airflow/dags/data_loader_simple.py took 0.102 seconds
[2024-09-01T10:57:13.597+0000] {processor.py:186} INFO - Started process (PID=650) to work on /opt/airflow/dags/data_loader_simple.py
[2024-09-01T10:57:13.598+0000] {processor.py:914} INFO - Processing file /opt/airflow/dags/data_loader_simple.py for tasks to queue
[2024-09-01T10:57:13.599+0000] {logging_mixin.py:190} INFO - [2024-09-01T10:57:13.599+0000] {dagbag.py:587} INFO - Filling up the DagBag from /opt/airflow/dags/data_loader_simple.py
[2024-09-01T10:57:13.621+0000] {processor.py:925} INFO - DAG(s) 'kafka_consumer_dag' retrieved from /opt/airflow/dags/data_loader_simple.py
[2024-09-01T10:57:13.647+0000] {logging_mixin.py:190} INFO - [2024-09-01T10:57:13.646+0000] {dag.py:3211} INFO - Sync 1 DAGs
[2024-09-01T10:57:13.660+0000] {logging_mixin.py:190} INFO - [2024-09-01T10:57:13.660+0000] {dag.py:4138} INFO - Setting next_dagrun for kafka_consumer_dag to None, run_after=None
[2024-09-01T10:57:13.693+0000] {processor.py:208} INFO - Processing /opt/airflow/dags/data_loader_simple.py took 0.101 seconds
[2024-09-01T10:57:44.134+0000] {processor.py:186} INFO - Started process (PID=660) to work on /opt/airflow/dags/data_loader_simple.py
[2024-09-01T10:57:44.135+0000] {processor.py:914} INFO - Processing file /opt/airflow/dags/data_loader_simple.py for tasks to queue
[2024-09-01T10:57:44.136+0000] {logging_mixin.py:190} INFO - [2024-09-01T10:57:44.136+0000] {dagbag.py:587} INFO - Filling up the DagBag from /opt/airflow/dags/data_loader_simple.py
[2024-09-01T10:57:44.162+0000] {processor.py:925} INFO - DAG(s) 'kafka_consumer_dag' retrieved from /opt/airflow/dags/data_loader_simple.py
[2024-09-01T10:57:44.189+0000] {logging_mixin.py:190} INFO - [2024-09-01T10:57:44.189+0000] {dag.py:3211} INFO - Sync 1 DAGs
[2024-09-01T10:57:44.202+0000] {logging_mixin.py:190} INFO - [2024-09-01T10:57:44.202+0000] {dag.py:4138} INFO - Setting next_dagrun for kafka_consumer_dag to None, run_after=None
[2024-09-01T10:57:44.222+0000] {processor.py:208} INFO - Processing /opt/airflow/dags/data_loader_simple.py took 0.094 seconds
[2024-09-01T10:58:14.594+0000] {processor.py:186} INFO - Started process (PID=670) to work on /opt/airflow/dags/data_loader_simple.py
[2024-09-01T10:58:14.595+0000] {processor.py:914} INFO - Processing file /opt/airflow/dags/data_loader_simple.py for tasks to queue
[2024-09-01T10:58:14.597+0000] {logging_mixin.py:190} INFO - [2024-09-01T10:58:14.596+0000] {dagbag.py:587} INFO - Filling up the DagBag from /opt/airflow/dags/data_loader_simple.py
[2024-09-01T10:58:14.619+0000] {processor.py:925} INFO - DAG(s) 'kafka_consumer_dag' retrieved from /opt/airflow/dags/data_loader_simple.py
[2024-09-01T10:58:14.647+0000] {logging_mixin.py:190} INFO - [2024-09-01T10:58:14.646+0000] {dag.py:3211} INFO - Sync 1 DAGs
[2024-09-01T10:58:14.659+0000] {logging_mixin.py:190} INFO - [2024-09-01T10:58:14.658+0000] {dag.py:4138} INFO - Setting next_dagrun for kafka_consumer_dag to None, run_after=None
[2024-09-01T10:58:14.679+0000] {processor.py:208} INFO - Processing /opt/airflow/dags/data_loader_simple.py took 0.090 seconds
