[2024-09-01T10:14:25.449+0000] {manager.py:483} INFO - Processing files using up to 2 processes at a time 
[2024-09-01T10:14:25.451+0000] {manager.py:484} INFO - Process each file at most once every 30 seconds
[2024-09-01T10:14:25.452+0000] {manager.py:485} INFO - Checking for new files in /opt/airflow/dags every 300 seconds
[2024-09-01T10:14:25.452+0000] {manager.py:821} INFO - Searching for files in /opt/airflow/dags
[2024-09-01T10:14:25.491+0000] {manager.py:824} INFO - There are 0 files in /opt/airflow/dags
[2024-09-01T10:19:25.942+0000] {manager.py:821} INFO - Searching for files in /opt/airflow/dags
[2024-09-01T10:19:25.999+0000] {manager.py:824} INFO - There are 1 files in /opt/airflow/dags
[2024-09-01T10:19:28.050+0000] {manager.py:997} INFO - 
================================================================================
DAG File Processing Stats

File Path                         PID    Runtime      # DAGs    # Errors  Last Runtime    Last Run               Last # of DB Queries
--------------------------------  -----  ---------  --------  ----------  --------------  -------------------  ----------------------
/opt/airflow/dags/data_loader.py                           1           0  0.32s           2024-09-01T10:19:26                      20
================================================================================
[2024-09-01T10:19:58.677+0000] {manager.py:997} INFO - 
================================================================================
DAG File Processing Stats

File Path                         PID    Runtime      # DAGs    # Errors  Last Runtime    Last Run               Last # of DB Queries
--------------------------------  -----  ---------  --------  ----------  --------------  -------------------  ----------------------
/opt/airflow/dags/data_loader.py                           1           0  0.13s           2024-09-01T10:19:56                      10
================================================================================
[2024-09-01T10:20:28.973+0000] {manager.py:997} INFO - 
================================================================================
DAG File Processing Stats

File Path                         PID    Runtime      # DAGs    # Errors  Last Runtime    Last Run               Last # of DB Queries
--------------------------------  -----  ---------  --------  ----------  --------------  -------------------  ----------------------
/opt/airflow/dags/data_loader.py                           1           0  0.14s           2024-09-01T10:20:27                      10
================================================================================
[2024-09-01T10:20:59.386+0000] {manager.py:997} INFO - 
================================================================================
DAG File Processing Stats

File Path                         PID    Runtime      # DAGs    # Errors  Last Runtime    Last Run               Last # of DB Queries
--------------------------------  -----  ---------  --------  ----------  --------------  -------------------  ----------------------
/opt/airflow/dags/data_loader.py                           1           0  0.13s           2024-09-01T10:20:57                      10
================================================================================
[2024-09-01T10:21:29.711+0000] {manager.py:997} INFO - 
================================================================================
DAG File Processing Stats

File Path                         PID    Runtime      # DAGs    # Errors  Last Runtime    Last Run               Last # of DB Queries
--------------------------------  -----  ---------  --------  ----------  --------------  -------------------  ----------------------
/opt/airflow/dags/data_loader.py                           1           0  0.13s           2024-09-01T10:21:27                      10
================================================================================
[2024-09-01T10:22:00.176+0000] {manager.py:997} INFO - 
================================================================================
DAG File Processing Stats

File Path                         PID    Runtime      # DAGs    # Errors  Last Runtime    Last Run               Last # of DB Queries
--------------------------------  -----  ---------  --------  ----------  --------------  -------------------  ----------------------
/opt/airflow/dags/data_loader.py                           1           0  0.13s           2024-09-01T10:21:58                      10
================================================================================
[2024-09-01T10:22:30.544+0000] {manager.py:997} INFO - 
================================================================================
DAG File Processing Stats

File Path                         PID    Runtime      # DAGs    # Errors  Last Runtime    Last Run               Last # of DB Queries
--------------------------------  -----  ---------  --------  ----------  --------------  -------------------  ----------------------
/opt/airflow/dags/data_loader.py                           1           0  0.17s           2024-09-01T10:22:28                      10
================================================================================
[2024-09-01T10:23:00.992+0000] {manager.py:997} INFO - 
================================================================================
DAG File Processing Stats

File Path                         PID    Runtime      # DAGs    # Errors  Last Runtime    Last Run               Last # of DB Queries
--------------------------------  -----  ---------  --------  ----------  --------------  -------------------  ----------------------
/opt/airflow/dags/data_loader.py                           1           0  0.13s           2024-09-01T10:22:58                       9
================================================================================
[2024-09-01T10:23:31.374+0000] {manager.py:997} INFO - 
================================================================================
DAG File Processing Stats

File Path                         PID    Runtime      # DAGs    # Errors  Last Runtime    Last Run               Last # of DB Queries
--------------------------------  -----  ---------  --------  ----------  --------------  -------------------  ----------------------
/opt/airflow/dags/data_loader.py                           1           0  0.13s           2024-09-01T10:23:28                      10
================================================================================
[2024-09-01T10:24:01.719+0000] {manager.py:997} INFO - 
================================================================================
DAG File Processing Stats

File Path                         PID    Runtime      # DAGs    # Errors  Last Runtime    Last Run               Last # of DB Queries
--------------------------------  -----  ---------  --------  ----------  --------------  -------------------  ----------------------
/opt/airflow/dags/data_loader.py                           1           0  0.13s           2024-09-01T10:23:58                      10
================================================================================
[2024-09-01T10:24:26.032+0000] {manager.py:821} INFO - Searching for files in /opt/airflow/dags
[2024-09-01T10:24:26.082+0000] {manager.py:824} INFO - There are 1 files in /opt/airflow/dags
[2024-09-01T10:24:32.009+0000] {manager.py:997} INFO - 
================================================================================
DAG File Processing Stats

File Path                         PID    Runtime      # DAGs    # Errors  Last Runtime    Last Run               Last # of DB Queries
--------------------------------  -----  ---------  --------  ----------  --------------  -------------------  ----------------------
/opt/airflow/dags/data_loader.py                           1           0  0.13s           2024-09-01T10:24:29                      10
================================================================================
[2024-09-01T10:25:02.397+0000] {manager.py:997} INFO - 
================================================================================
DAG File Processing Stats

File Path                         PID    Runtime      # DAGs    # Errors  Last Runtime    Last Run               Last # of DB Queries
--------------------------------  -----  ---------  --------  ----------  --------------  -------------------  ----------------------
/opt/airflow/dags/data_loader.py                           1           0  0.12s           2024-09-01T10:24:59                      10
================================================================================
[2024-09-01T10:25:32.711+0000] {manager.py:997} INFO - 
================================================================================
DAG File Processing Stats

File Path                         PID    Runtime      # DAGs    # Errors  Last Runtime    Last Run               Last # of DB Queries
--------------------------------  -----  ---------  --------  ----------  --------------  -------------------  ----------------------
/opt/airflow/dags/data_loader.py                           1           0  0.13s           2024-09-01T10:25:29                      10
================================================================================
[2024-09-01T10:25:43.932+0000] {manager.py:1291} WARNING - Skipping processing of missing file: /opt/airflow/dags/data_loader.py
[2024-09-01T10:29:26.683+0000] {manager.py:821} INFO - Searching for files in /opt/airflow/dags
[2024-09-01T10:29:26.724+0000] {manager.py:824} INFO - There are 1 files in /opt/airflow/dags
[2024-09-01T10:29:34.821+0000] {manager.py:997} INFO - 
================================================================================
DAG File Processing Stats

File Path                         PID    Runtime      # DAGs    # Errors  Last Runtime    Last Run               Last # of DB Queries
--------------------------------  -----  ---------  --------  ----------  --------------  -------------------  ----------------------
/opt/airflow/dags/data_loader.py                           1           0  0.35s           2024-09-01T10:29:27                      19
================================================================================
[2024-09-01T10:30:05.451+0000] {manager.py:997} INFO - 
================================================================================
DAG File Processing Stats

File Path                         PID    Runtime      # DAGs    # Errors  Last Runtime    Last Run               Last # of DB Queries
--------------------------------  -----  ---------  --------  ----------  --------------  -------------------  ----------------------
/opt/airflow/dags/data_loader.py                           1           0  0.13s           2024-09-01T10:29:57                      10
================================================================================
[2024-09-01T10:30:35.819+0000] {manager.py:997} INFO - 
================================================================================
DAG File Processing Stats

File Path                         PID    Runtime      # DAGs    # Errors  Last Runtime    Last Run               Last # of DB Queries
--------------------------------  -----  ---------  --------  ----------  --------------  -------------------  ----------------------
/opt/airflow/dags/data_loader.py                           1           0  0.16s           2024-09-01T10:30:27                      10
================================================================================
[2024-09-01T10:31:06.188+0000] {manager.py:997} INFO - 
================================================================================
DAG File Processing Stats

File Path                         PID    Runtime      # DAGs    # Errors  Last Runtime    Last Run               Last # of DB Queries
--------------------------------  -----  ---------  --------  ----------  --------------  -------------------  ----------------------
/opt/airflow/dags/data_loader.py                           1           0  0.15s           2024-09-01T10:30:58                      10
================================================================================
[2024-09-01T10:31:36.592+0000] {manager.py:997} INFO - 
================================================================================
DAG File Processing Stats

File Path                         PID    Runtime      # DAGs    # Errors  Last Runtime    Last Run               Last # of DB Queries
--------------------------------  -----  ---------  --------  ----------  --------------  -------------------  ----------------------
/opt/airflow/dags/data_loader.py                           1           0  0.14s           2024-09-01T10:31:28                      10
================================================================================
[2024-09-01T10:32:06.916+0000] {manager.py:997} INFO - 
================================================================================
DAG File Processing Stats

File Path                         PID    Runtime      # DAGs    # Errors  Last Runtime    Last Run               Last # of DB Queries
--------------------------------  -----  ---------  --------  ----------  --------------  -------------------  ----------------------
/opt/airflow/dags/data_loader.py                           1           0  0.14s           2024-09-01T10:31:58                      10
================================================================================
[2024-09-01T10:32:37.316+0000] {manager.py:997} INFO - 
================================================================================
DAG File Processing Stats

File Path                         PID    Runtime      # DAGs    # Errors  Last Runtime    Last Run               Last # of DB Queries
--------------------------------  -----  ---------  --------  ----------  --------------  -------------------  ----------------------
/opt/airflow/dags/data_loader.py                           1           0  0.14s           2024-09-01T10:32:29                      10
================================================================================
[2024-09-01T10:33:07.701+0000] {manager.py:997} INFO - 
================================================================================
DAG File Processing Stats

File Path                         PID    Runtime      # DAGs    # Errors  Last Runtime    Last Run               Last # of DB Queries
--------------------------------  -----  ---------  --------  ----------  --------------  -------------------  ----------------------
/opt/airflow/dags/data_loader.py                           1           0  0.13s           2024-09-01T10:32:59                      10
================================================================================
[2024-09-01T10:33:38.105+0000] {manager.py:997} INFO - 
================================================================================
DAG File Processing Stats

File Path                         PID    Runtime      # DAGs    # Errors  Last Runtime    Last Run               Last # of DB Queries
--------------------------------  -----  ---------  --------  ----------  --------------  -------------------  ----------------------
/opt/airflow/dags/data_loader.py                           1           0  0.18s           2024-09-01T10:33:30                      10
================================================================================
[2024-09-01T10:33:45.266+0000] {manager.py:1291} WARNING - Skipping processing of missing file: /opt/airflow/dags/data_loader.py
[2024-09-01T10:34:27.488+0000] {manager.py:821} INFO - Searching for files in /opt/airflow/dags
[2024-09-01T10:34:27.519+0000] {manager.py:824} INFO - There are 0 files in /opt/airflow/dags
[2024-09-01T10:39:28.053+0000] {manager.py:821} INFO - Searching for files in /opt/airflow/dags
[2024-09-01T10:39:28.091+0000] {manager.py:824} INFO - There are 1 files in /opt/airflow/dags
[2024-09-01T10:39:41.244+0000] {manager.py:997} INFO - 
================================================================================
DAG File Processing Stats

File Path                                PID    Runtime      # DAGs    # Errors  Last Runtime    Last Run               Last # of DB Queries
---------------------------------------  -----  ---------  --------  ----------  --------------  -------------------  ----------------------
/opt/airflow/dags/data_loader_simple.py                           1           0  0.22s           2024-09-01T10:39:28                      20
================================================================================
[2024-09-01T10:40:11.738+0000] {manager.py:997} INFO - 
================================================================================
DAG File Processing Stats

File Path                                PID    Runtime      # DAGs    # Errors  Last Runtime    Last Run               Last # of DB Queries
---------------------------------------  -----  ---------  --------  ----------  --------------  -------------------  ----------------------
/opt/airflow/dags/data_loader_simple.py                           1           0  0.17s           2024-09-01T10:39:58                      10
================================================================================
[2024-09-01T10:40:42.016+0000] {manager.py:997} INFO - 
================================================================================
DAG File Processing Stats

File Path                                PID    Runtime      # DAGs    # Errors  Last Runtime    Last Run               Last # of DB Queries
---------------------------------------  -----  ---------  --------  ----------  --------------  -------------------  ----------------------
/opt/airflow/dags/data_loader_simple.py                           1           0  0.12s           2024-09-01T10:40:29                      10
================================================================================
[2024-09-01T10:41:12.423+0000] {manager.py:997} INFO - 
================================================================================
DAG File Processing Stats

File Path                                PID    Runtime      # DAGs    # Errors  Last Runtime    Last Run               Last # of DB Queries
---------------------------------------  -----  ---------  --------  ----------  --------------  -------------------  ----------------------
/opt/airflow/dags/data_loader_simple.py                           1           0  0.18s           2024-09-01T10:40:59                      10
================================================================================
[2024-09-01T10:41:42.773+0000] {manager.py:997} INFO - 
================================================================================
DAG File Processing Stats

File Path                                PID    Runtime      # DAGs    # Errors  Last Runtime    Last Run               Last # of DB Queries
---------------------------------------  -----  ---------  --------  ----------  --------------  -------------------  ----------------------
/opt/airflow/dags/data_loader_simple.py                           1           0  0.12s           2024-09-01T10:41:29                      10
================================================================================
[2024-09-01T10:42:13.106+0000] {manager.py:997} INFO - 
================================================================================
DAG File Processing Stats

File Path                                PID    Runtime      # DAGs    # Errors  Last Runtime    Last Run               Last # of DB Queries
---------------------------------------  -----  ---------  --------  ----------  --------------  -------------------  ----------------------
/opt/airflow/dags/data_loader_simple.py                           1           0  0.12s           2024-09-01T10:42:00                      10
================================================================================
[2024-09-01T10:42:43.510+0000] {manager.py:997} INFO - 
================================================================================
DAG File Processing Stats

File Path                                PID    Runtime      # DAGs    # Errors  Last Runtime    Last Run               Last # of DB Queries
---------------------------------------  -----  ---------  --------  ----------  --------------  -------------------  ----------------------
/opt/airflow/dags/data_loader_simple.py                           1           0  0.12s           2024-09-01T10:42:30                      10
================================================================================
[2024-09-01T10:43:13.820+0000] {manager.py:997} INFO - 
================================================================================
DAG File Processing Stats

File Path                                PID    Runtime      # DAGs    # Errors  Last Runtime    Last Run               Last # of DB Queries
---------------------------------------  -----  ---------  --------  ----------  --------------  -------------------  ----------------------
/opt/airflow/dags/data_loader_simple.py                           1           0  0.14s           2024-09-01T10:43:00                      10
================================================================================
[2024-09-01T10:43:44.266+0000] {manager.py:997} INFO - 
================================================================================
DAG File Processing Stats

File Path                                PID    Runtime      # DAGs    # Errors  Last Runtime    Last Run               Last # of DB Queries
---------------------------------------  -----  ---------  --------  ----------  --------------  -------------------  ----------------------
/opt/airflow/dags/data_loader_simple.py                           1           0  0.12s           2024-09-01T10:43:31                      10
================================================================================
[2024-09-01T10:44:14.642+0000] {manager.py:997} INFO - 
================================================================================
DAG File Processing Stats

File Path                                PID    Runtime      # DAGs    # Errors  Last Runtime    Last Run               Last # of DB Queries
---------------------------------------  -----  ---------  --------  ----------  --------------  -------------------  ----------------------
/opt/airflow/dags/data_loader_simple.py                           1           0  0.12s           2024-09-01T10:44:01                      10
================================================================================
[2024-09-01T10:44:28.807+0000] {manager.py:821} INFO - Searching for files in /opt/airflow/dags
[2024-09-01T10:44:28.854+0000] {manager.py:824} INFO - There are 1 files in /opt/airflow/dags
[2024-09-01T10:44:45.070+0000] {manager.py:997} INFO - 
================================================================================
DAG File Processing Stats

File Path                                PID    Runtime      # DAGs    # Errors  Last Runtime    Last Run               Last # of DB Queries
---------------------------------------  -----  ---------  --------  ----------  --------------  -------------------  ----------------------
/opt/airflow/dags/data_loader_simple.py                           1           0  0.12s           2024-09-01T10:44:32                      10
================================================================================
[2024-09-01T10:45:15.488+0000] {manager.py:997} INFO - 
================================================================================
DAG File Processing Stats

File Path                                PID    Runtime      # DAGs    # Errors  Last Runtime    Last Run               Last # of DB Queries
---------------------------------------  -----  ---------  --------  ----------  --------------  -------------------  ----------------------
/opt/airflow/dags/data_loader_simple.py                           1           0  0.13s           2024-09-01T10:45:02                      10
================================================================================
[2024-09-01T10:45:45.850+0000] {manager.py:997} INFO - 
================================================================================
DAG File Processing Stats

File Path                                PID    Runtime      # DAGs    # Errors  Last Runtime    Last Run               Last # of DB Queries
---------------------------------------  -----  ---------  --------  ----------  --------------  -------------------  ----------------------
/opt/airflow/dags/data_loader_simple.py                           1           0  0.14s           2024-09-01T10:45:32                      10
================================================================================
[2024-09-01T10:46:16.249+0000] {manager.py:997} INFO - 
================================================================================
DAG File Processing Stats

File Path                                PID    Runtime      # DAGs    # Errors  Last Runtime    Last Run               Last # of DB Queries
---------------------------------------  -----  ---------  --------  ----------  --------------  -------------------  ----------------------
/opt/airflow/dags/data_loader_simple.py                           1           0  0.13s           2024-09-01T10:46:03                      10
================================================================================
[2024-09-01T10:46:46.631+0000] {manager.py:997} INFO - 
================================================================================
DAG File Processing Stats

File Path                                PID    Runtime      # DAGs    # Errors  Last Runtime    Last Run               Last # of DB Queries
---------------------------------------  -----  ---------  --------  ----------  --------------  -------------------  ----------------------
/opt/airflow/dags/data_loader_simple.py                           1           0  0.14s           2024-09-01T10:46:33                      10
================================================================================
[2024-09-01T10:47:17.043+0000] {manager.py:997} INFO - 
================================================================================
DAG File Processing Stats

File Path                                PID    Runtime      # DAGs    # Errors  Last Runtime    Last Run               Last # of DB Queries
---------------------------------------  -----  ---------  --------  ----------  --------------  -------------------  ----------------------
/opt/airflow/dags/data_loader_simple.py                           1           0  0.14s           2024-09-01T10:47:03                      10
================================================================================
[2024-09-01T10:47:47.414+0000] {manager.py:997} INFO - 
================================================================================
DAG File Processing Stats

File Path                                PID    Runtime      # DAGs    # Errors  Last Runtime    Last Run               Last # of DB Queries
---------------------------------------  -----  ---------  --------  ----------  --------------  -------------------  ----------------------
/opt/airflow/dags/data_loader_simple.py                           1           0  0.12s           2024-09-01T10:47:34                      10
================================================================================
[2024-09-01T10:48:17.803+0000] {manager.py:997} INFO - 
================================================================================
DAG File Processing Stats

File Path                                PID    Runtime      # DAGs    # Errors  Last Runtime    Last Run               Last # of DB Queries
---------------------------------------  -----  ---------  --------  ----------  --------------  -------------------  ----------------------
/opt/airflow/dags/data_loader_simple.py                           1           0  0.12s           2024-09-01T10:48:04                      10
================================================================================
[2024-09-01T10:48:48.208+0000] {manager.py:997} INFO - 
================================================================================
DAG File Processing Stats

File Path                                PID    Runtime      # DAGs    # Errors  Last Runtime    Last Run               Last # of DB Queries
---------------------------------------  -----  ---------  --------  ----------  --------------  -------------------  ----------------------
/opt/airflow/dags/data_loader_simple.py                           1           0  0.13s           2024-09-01T10:48:35                      10
================================================================================
[2024-09-01T10:49:18.622+0000] {manager.py:997} INFO - 
================================================================================
DAG File Processing Stats

File Path                                PID    Runtime      # DAGs    # Errors  Last Runtime    Last Run               Last # of DB Queries
---------------------------------------  -----  ---------  --------  ----------  --------------  -------------------  ----------------------
/opt/airflow/dags/data_loader_simple.py                           1           0  0.13s           2024-09-01T10:49:05                      10
================================================================================
[2024-09-01T10:49:29.696+0000] {manager.py:821} INFO - Searching for files in /opt/airflow/dags
[2024-09-01T10:49:29.749+0000] {manager.py:824} INFO - There are 2 files in /opt/airflow/dags
[2024-09-01T10:49:48.991+0000] {manager.py:997} INFO - 
================================================================================
DAG File Processing Stats

File Path                                PID    Runtime      # DAGs    # Errors  Last Runtime    Last Run               Last # of DB Queries
---------------------------------------  -----  ---------  --------  ----------  --------------  -------------------  ----------------------
/opt/airflow/dags/data_loader_sensor.py                           1           0  0.42s           2024-09-01T10:49:30                      24
/opt/airflow/dags/data_loader_simple.py                           1           0  0.19s           2024-09-01T10:49:36                      10
================================================================================
[2024-09-01T10:50:19.510+0000] {manager.py:997} INFO - 
================================================================================
DAG File Processing Stats

File Path                                PID    Runtime      # DAGs    # Errors  Last Runtime    Last Run               Last # of DB Queries
---------------------------------------  -----  ---------  --------  ----------  --------------  -------------------  ----------------------
/opt/airflow/dags/data_loader_sensor.py                           1           0  0.14s           2024-09-01T10:50:00                      10
/opt/airflow/dags/data_loader_simple.py                           1           0  0.12s           2024-09-01T10:50:06                      10
================================================================================
[2024-09-01T10:50:49.959+0000] {manager.py:997} INFO - 
================================================================================
DAG File Processing Stats

File Path                                PID    Runtime      # DAGs    # Errors  Last Runtime    Last Run               Last # of DB Queries
---------------------------------------  -----  ---------  --------  ----------  --------------  -------------------  ----------------------
/opt/airflow/dags/data_loader_sensor.py                           1           0  0.14s           2024-09-01T10:50:30                      10
/opt/airflow/dags/data_loader_simple.py                           1           0  0.12s           2024-09-01T10:50:36                      10
================================================================================
[2024-09-01T10:51:20.445+0000] {manager.py:997} INFO - 
================================================================================
DAG File Processing Stats

File Path                                PID    Runtime      # DAGs    # Errors  Last Runtime    Last Run               Last # of DB Queries
---------------------------------------  -----  ---------  --------  ----------  --------------  -------------------  ----------------------
/opt/airflow/dags/data_loader_simple.py                           1           0  0.16s           2024-09-01T10:51:07                      10
/opt/airflow/dags/data_loader_sensor.py                           1           0  0.15s           2024-09-01T10:51:01                      10
================================================================================
[2024-09-01T10:51:50.989+0000] {manager.py:997} INFO - 
================================================================================
DAG File Processing Stats

File Path                                PID    Runtime      # DAGs    # Errors  Last Runtime    Last Run               Last # of DB Queries
---------------------------------------  -----  ---------  --------  ----------  --------------  -------------------  ----------------------
/opt/airflow/dags/data_loader_sensor.py                           1           0  0.21s           2024-09-01T10:51:31                      10
/opt/airflow/dags/data_loader_simple.py                           1           0  0.14s           2024-09-01T10:51:37                      10
================================================================================
[2024-09-01T10:52:21.362+0000] {manager.py:997} INFO - 
================================================================================
DAG File Processing Stats

File Path                                PID    Runtime      # DAGs    # Errors  Last Runtime    Last Run               Last # of DB Queries
---------------------------------------  -----  ---------  --------  ----------  --------------  -------------------  ----------------------
/opt/airflow/dags/data_loader_sensor.py                           1           0  0.15s           2024-09-01T10:52:02                      10
/opt/airflow/dags/data_loader_simple.py                           1           0  0.13s           2024-09-01T10:52:08                      10
================================================================================
[2024-09-01T10:52:51.926+0000] {manager.py:997} INFO - 
================================================================================
DAG File Processing Stats

File Path                                PID    Runtime      # DAGs    # Errors  Last Runtime    Last Run               Last # of DB Queries
---------------------------------------  -----  ---------  --------  ----------  --------------  -------------------  ----------------------
/opt/airflow/dags/data_loader_sensor.py                           1           0  0.14s           2024-09-01T10:52:32                      10
/opt/airflow/dags/data_loader_simple.py                           1           0  0.13s           2024-09-01T10:52:38                      10
================================================================================
[2024-09-01T10:53:22.460+0000] {manager.py:997} INFO - 
================================================================================
DAG File Processing Stats

File Path                                PID    Runtime      # DAGs    # Errors  Last Runtime    Last Run               Last # of DB Queries
---------------------------------------  -----  ---------  --------  ----------  --------------  -------------------  ----------------------
/opt/airflow/dags/data_loader_sensor.py                           1           0  0.15s           2024-09-01T10:53:03                      10
/opt/airflow/dags/data_loader_simple.py                           1           0  0.12s           2024-09-01T10:53:09                      10
================================================================================
[2024-09-01T10:53:52.965+0000] {manager.py:997} INFO - 
================================================================================
DAG File Processing Stats

File Path                                PID    Runtime      # DAGs    # Errors  Last Runtime    Last Run               Last # of DB Queries
---------------------------------------  -----  ---------  --------  ----------  --------------  -------------------  ----------------------
/opt/airflow/dags/data_loader_sensor.py                           1           0  0.17s           2024-09-01T10:53:33                      10
/opt/airflow/dags/data_loader_simple.py                           1           0  0.12s           2024-09-01T10:53:39                      10
================================================================================
[2024-09-01T10:54:23.578+0000] {manager.py:997} INFO - 
================================================================================
DAG File Processing Stats

File Path                                PID    Runtime      # DAGs    # Errors  Last Runtime    Last Run               Last # of DB Queries
---------------------------------------  -----  ---------  --------  ----------  --------------  -------------------  ----------------------
/opt/airflow/dags/data_loader_sensor.py                           1           0  0.13s           2024-09-01T10:54:04                      10
/opt/airflow/dags/data_loader_simple.py                           1           0  0.13s           2024-09-01T10:54:10                      10
================================================================================
[2024-09-01T10:54:30.657+0000] {manager.py:821} INFO - Searching for files in /opt/airflow/dags
[2024-09-01T10:54:30.705+0000] {manager.py:824} INFO - There are 2 files in /opt/airflow/dags
[2024-09-01T10:54:54.159+0000] {manager.py:997} INFO - 
================================================================================
DAG File Processing Stats

File Path                                PID    Runtime      # DAGs    # Errors  Last Runtime    Last Run               Last # of DB Queries
---------------------------------------  -----  ---------  --------  ----------  --------------  -------------------  ----------------------
/opt/airflow/dags/data_loader_simple.py                           1           0  0.14s           2024-09-01T10:54:41                      10
/opt/airflow/dags/data_loader_sensor.py                           1           0  0.14s           2024-09-01T10:54:34                      10
================================================================================
[2024-09-01T10:55:24.678+0000] {manager.py:997} INFO - 
================================================================================
DAG File Processing Stats

File Path                                PID    Runtime      # DAGs    # Errors  Last Runtime    Last Run               Last # of DB Queries
---------------------------------------  -----  ---------  --------  ----------  --------------  -------------------  ----------------------
/opt/airflow/dags/data_loader_sensor.py                           1           0  0.14s           2024-09-01T10:55:05                      10
/opt/airflow/dags/data_loader_simple.py                           1           0  0.12s           2024-09-01T10:55:11                      10
================================================================================
[2024-09-01T10:55:55.234+0000] {manager.py:997} INFO - 
================================================================================
DAG File Processing Stats

File Path                                PID    Runtime      # DAGs    # Errors  Last Runtime    Last Run               Last # of DB Queries
---------------------------------------  -----  ---------  --------  ----------  --------------  -------------------  ----------------------
/opt/airflow/dags/data_loader_sensor.py                           1           0  0.13s           2024-09-01T10:55:35                      10
/opt/airflow/dags/data_loader_simple.py                           1           0  0.12s           2024-09-01T10:55:42                      10
================================================================================
[2024-09-01T10:56:25.776+0000] {manager.py:997} INFO - 
================================================================================
DAG File Processing Stats

File Path                                PID    Runtime      # DAGs    # Errors  Last Runtime    Last Run               Last # of DB Queries
---------------------------------------  -----  ---------  --------  ----------  --------------  -------------------  ----------------------
/opt/airflow/dags/data_loader_sensor.py                           1           0  0.13s           2024-09-01T10:56:06                      10
/opt/airflow/dags/data_loader_simple.py                           1           0  0.12s           2024-09-01T10:56:12                      10
================================================================================
[2024-09-01T10:56:56.311+0000] {manager.py:997} INFO - 
================================================================================
DAG File Processing Stats

File Path                                PID    Runtime      # DAGs    # Errors  Last Runtime    Last Run               Last # of DB Queries
---------------------------------------  -----  ---------  --------  ----------  --------------  -------------------  ----------------------
/opt/airflow/dags/data_loader_sensor.py                           1           0  0.13s           2024-09-01T10:56:37                      10
/opt/airflow/dags/data_loader_simple.py                           1           0  0.12s           2024-09-01T10:56:43                      10
================================================================================
